CRITICAL - 2023-11-07 07:21:24 --> auth filter must have a matching alias defined.
#0 C:\xampp\htdocs\sertifikat-baru\system\Filters\Filters.php(340): CodeIgniter\Filters\Exceptions\FilterException::forNoAlias('auth')
#1 C:\xampp\htdocs\sertifikat-baru\system\CodeIgniter.php(384): CodeIgniter\Filters\Filters->enableFilter('auth', 'before')
#2 C:\xampp\htdocs\sertifikat-baru\system\CodeIgniter.php(326): CodeIgniter\CodeIgniter->handleRequest(NULL, Object(Config\Cache), false)
#3 C:\xampp\htdocs\sertifikat-baru\public\index.php(37): CodeIgniter\CodeIgniter->run()
#4 C:\xampp\htdocs\sertifikat-baru\system\Commands\Server\rewrite.php(43): require_once('C:\\xampp\\htdocs...')
#5 {main}
CRITICAL - 2023-11-07 07:21:26 --> auth filter must have a matching alias defined.
#0 C:\xampp\htdocs\sertifikat-baru\system\Filters\Filters.php(340): CodeIgniter\Filters\Exceptions\FilterException::forNoAlias('auth')
#1 C:\xampp\htdocs\sertifikat-baru\system\CodeIgniter.php(384): CodeIgniter\Filters\Filters->enableFilter('auth', 'before')
#2 C:\xampp\htdocs\sertifikat-baru\system\CodeIgniter.php(326): CodeIgniter\CodeIgniter->handleRequest(NULL, Object(Config\Cache), false)
#3 C:\xampp\htdocs\sertifikat-baru\public\index.php(37): CodeIgniter\CodeIgniter->run()
#4 C:\xampp\htdocs\sertifikat-baru\system\Commands\Server\rewrite.php(43): require_once('C:\\xampp\\htdocs...')
#5 {main}
CRITICAL - 2023-11-07 07:21:44 --> auth filter must have a matching alias defined.
#0 C:\xampp\htdocs\sertifikat-baru\system\Filters\Filters.php(340): CodeIgniter\Filters\Exceptions\FilterException::forNoAlias('auth')
#1 C:\xampp\htdocs\sertifikat-baru\system\CodeIgniter.php(384): CodeIgniter\Filters\Filters->enableFilter('auth', 'before')
#2 C:\xampp\htdocs\sertifikat-baru\system\CodeIgniter.php(326): CodeIgniter\CodeIgniter->handleRequest(NULL, Object(Config\Cache), false)
#3 C:\xampp\htdocs\sertifikat-baru\public\index.php(37): CodeIgniter\CodeIgniter->run()
#4 C:\xampp\htdocs\sertifikat-baru\system\Commands\Server\rewrite.php(43): require_once('C:\\xampp\\htdocs...')
#5 {main}
CRITICAL - 2023-11-07 07:21:45 --> auth filter must have a matching alias defined.
#0 C:\xampp\htdocs\sertifikat-baru\system\Filters\Filters.php(340): CodeIgniter\Filters\Exceptions\FilterException::forNoAlias('auth')
#1 C:\xampp\htdocs\sertifikat-baru\system\CodeIgniter.php(384): CodeIgniter\Filters\Filters->enableFilter('auth', 'before')
#2 C:\xampp\htdocs\sertifikat-baru\system\CodeIgniter.php(326): CodeIgniter\CodeIgniter->handleRequest(NULL, Object(Config\Cache), false)
#3 C:\xampp\htdocs\sertifikat-baru\public\index.php(37): CodeIgniter\CodeIgniter->run()
#4 C:\xampp\htdocs\sertifikat-baru\system\Commands\Server\rewrite.php(43): require_once('C:\\xampp\\htdocs...')
#5 {main}
CRITICAL - 2023-11-07 07:21:58 --> auth filter must have a matching alias defined.
#0 C:\xampp\htdocs\sertifikat-baru\system\Filters\Filters.php(340): CodeIgniter\Filters\Exceptions\FilterException::forNoAlias('auth')
#1 C:\xampp\htdocs\sertifikat-baru\system\CodeIgniter.php(384): CodeIgniter\Filters\Filters->enableFilter('auth', 'before')
#2 C:\xampp\htdocs\sertifikat-baru\system\CodeIgniter.php(326): CodeIgniter\CodeIgniter->handleRequest(NULL, Object(Config\Cache), false)
#3 C:\xampp\htdocs\sertifikat-baru\public\index.php(37): CodeIgniter\CodeIgniter->run()
#4 C:\xampp\htdocs\sertifikat-baru\system\Commands\Server\rewrite.php(43): require_once('C:\\xampp\\htdocs...')
#5 {main}
CRITICAL - 2023-11-07 07:22:09 --> auth filter must have a matching alias defined.
#0 C:\xampp\htdocs\sertifikat-baru\system\Filters\Filters.php(340): CodeIgniter\Filters\Exceptions\FilterException::forNoAlias('auth')
#1 C:\xampp\htdocs\sertifikat-baru\system\CodeIgniter.php(384): CodeIgniter\Filters\Filters->enableFilter('auth', 'before')
#2 C:\xampp\htdocs\sertifikat-baru\system\CodeIgniter.php(326): CodeIgniter\CodeIgniter->handleRequest(NULL, Object(Config\Cache), false)
#3 C:\xampp\htdocs\sertifikat-baru\public\index.php(37): CodeIgniter\CodeIgniter->run()
#4 C:\xampp\htdocs\sertifikat-baru\system\Commands\Server\rewrite.php(43): require_once('C:\\xampp\\htdocs...')
#5 {main}
CRITICAL - 2023-11-07 07:22:11 --> auth filter must have a matching alias defined.
#0 C:\xampp\htdocs\sertifikat-baru\system\Filters\Filters.php(340): CodeIgniter\Filters\Exceptions\FilterException::forNoAlias('auth')
#1 C:\xampp\htdocs\sertifikat-baru\system\CodeIgniter.php(384): CodeIgniter\Filters\Filters->enableFilter('auth', 'before')
#2 C:\xampp\htdocs\sertifikat-baru\system\CodeIgniter.php(326): CodeIgniter\CodeIgniter->handleRequest(NULL, Object(Config\Cache), false)
#3 C:\xampp\htdocs\sertifikat-baru\public\index.php(37): CodeIgniter\CodeIgniter->run()
#4 C:\xampp\htdocs\sertifikat-baru\system\Commands\Server\rewrite.php(43): require_once('C:\\xampp\\htdocs...')
#5 {main}
CRITICAL - 2023-11-07 07:22:15 --> Invalid file: beranda.php
#0 C:\xampp\htdocs\sertifikat-baru\system\View\View.php(198): CodeIgniter\Exceptions\FrameworkException::forInvalidFile('beranda.php')
#1 C:\xampp\htdocs\sertifikat-baru\system\Common.php(1089): CodeIgniter\View\View->render('beranda', Array, true)
#2 C:\xampp\htdocs\sertifikat-baru\app\Controllers\Home.php(12): view('beranda')
#3 C:\xampp\htdocs\sertifikat-baru\system\CodeIgniter.php(832): App\Controllers\Home->index()
#4 C:\xampp\htdocs\sertifikat-baru\system\CodeIgniter.php(419): CodeIgniter\CodeIgniter->runController(Object(App\Controllers\Home))
#5 C:\xampp\htdocs\sertifikat-baru\system\CodeIgniter.php(326): CodeIgniter\CodeIgniter->handleRequest(NULL, Object(Config\Cache), false)
#6 C:\xampp\htdocs\sertifikat-baru\public\index.php(37): CodeIgniter\CodeIgniter->run()
#7 C:\xampp\htdocs\sertifikat-baru\system\Commands\Server\rewrite.php(43): require_once('C:\\xampp\\htdocs...')
#8 {main}
CRITICAL - 2023-11-07 07:22:15 --> Invalid file: beranda.php
#0 C:\xampp\htdocs\sertifikat-baru\system\View\View.php(198): CodeIgniter\Exceptions\FrameworkException::forInvalidFile('beranda.php')
#1 C:\xampp\htdocs\sertifikat-baru\system\Common.php(1089): CodeIgniter\View\View->render('beranda', Array, true)
#2 C:\xampp\htdocs\sertifikat-baru\app\Controllers\Home.php(12): view('beranda')
#3 C:\xampp\htdocs\sertifikat-baru\system\CodeIgniter.php(832): App\Controllers\Home->index()
#4 C:\xampp\htdocs\sertifikat-baru\system\CodeIgniter.php(419): CodeIgniter\CodeIgniter->runController(Object(App\Controllers\Home))
#5 C:\xampp\htdocs\sertifikat-baru\system\CodeIgniter.php(326): CodeIgniter\CodeIgniter->handleRequest(NULL, Object(Config\Cache), false)
#6 C:\xampp\htdocs\sertifikat-baru\public\index.php(37): CodeIgniter\CodeIgniter->run()
#7 C:\xampp\htdocs\sertifikat-baru\system\Commands\Server\rewrite.php(43): require_once('C:\\xampp\\htdocs...')
#8 {main}
CRITICAL - 2023-11-07 07:22:16 --> Invalid file: beranda.php
#0 C:\xampp\htdocs\sertifikat-baru\system\View\View.php(198): CodeIgniter\Exceptions\FrameworkException::forInvalidFile('beranda.php')
#1 C:\xampp\htdocs\sertifikat-baru\system\Common.php(1089): CodeIgniter\View\View->render('beranda', Array, true)
#2 C:\xampp\htdocs\sertifikat-baru\app\Controllers\Home.php(12): view('beranda')
#3 C:\xampp\htdocs\sertifikat-baru\system\CodeIgniter.php(832): App\Controllers\Home->index()
#4 C:\xampp\htdocs\sertifikat-baru\system\CodeIgniter.php(419): CodeIgniter\CodeIgniter->runController(Object(App\Controllers\Home))
#5 C:\xampp\htdocs\sertifikat-baru\system\CodeIgniter.php(326): CodeIgniter\CodeIgniter->handleRequest(NULL, Object(Config\Cache), false)
#6 C:\xampp\htdocs\sertifikat-baru\public\index.php(37): CodeIgniter\CodeIgniter->run()
#7 C:\xampp\htdocs\sertifikat-baru\system\Commands\Server\rewrite.php(43): require_once('C:\\xampp\\htdocs...')
#8 {main}
CRITICAL - 2023-11-07 07:23:39 --> auth filter must have a matching alias defined.
#0 C:\xampp\htdocs\sertifikat-baru\system\Filters\Filters.php(340): CodeIgniter\Filters\Exceptions\FilterException::forNoAlias('auth')
#1 C:\xampp\htdocs\sertifikat-baru\system\CodeIgniter.php(384): CodeIgniter\Filters\Filters->enableFilter('auth', 'before')
#2 C:\xampp\htdocs\sertifikat-baru\system\CodeIgniter.php(326): CodeIgniter\CodeIgniter->handleRequest(NULL, Object(Config\Cache), false)
#3 C:\xampp\htdocs\sertifikat-baru\public\index.php(37): CodeIgniter\CodeIgniter->run()
#4 C:\xampp\htdocs\sertifikat-baru\system\Commands\Server\rewrite.php(43): require_once('C:\\xampp\\htdocs...')
#5 {main}
CRITICAL - 2023-11-07 07:23:43 --> auth filter must have a matching alias defined.
#0 C:\xampp\htdocs\sertifikat-baru\system\Filters\Filters.php(340): CodeIgniter\Filters\Exceptions\FilterException::forNoAlias('auth')
#1 C:\xampp\htdocs\sertifikat-baru\system\CodeIgniter.php(384): CodeIgniter\Filters\Filters->enableFilter('auth', 'before')
#2 C:\xampp\htdocs\sertifikat-baru\system\CodeIgniter.php(326): CodeIgniter\CodeIgniter->handleRequest(NULL, Object(Config\Cache), false)
#3 C:\xampp\htdocs\sertifikat-baru\public\index.php(37): CodeIgniter\CodeIgniter->run()
#4 C:\xampp\htdocs\sertifikat-baru\system\Commands\Server\rewrite.php(43): require_once('C:\\xampp\\htdocs...')
#5 {main}
CRITICAL - 2023-11-07 07:23:54 --> auth filter must have a matching alias defined.
#0 C:\xampp\htdocs\sertifikat-baru\system\Filters\Filters.php(340): CodeIgniter\Filters\Exceptions\FilterException::forNoAlias('auth')
#1 C:\xampp\htdocs\sertifikat-baru\system\CodeIgniter.php(384): CodeIgniter\Filters\Filters->enableFilter('auth', 'before')
#2 C:\xampp\htdocs\sertifikat-baru\system\CodeIgniter.php(326): CodeIgniter\CodeIgniter->handleRequest(NULL, Object(Config\Cache), false)
#3 C:\xampp\htdocs\sertifikat-baru\public\index.php(37): CodeIgniter\CodeIgniter->run()
#4 C:\xampp\htdocs\sertifikat-baru\system\Commands\Server\rewrite.php(43): require_once('C:\\xampp\\htdocs...')
#5 {main}
CRITICAL - 2023-11-07 07:24:44 --> auth filter must have a matching alias defined.
#0 C:\xampp\htdocs\sertifikat-baru\system\Filters\Filters.php(340): CodeIgniter\Filters\Exceptions\FilterException::forNoAlias('auth')
#1 C:\xampp\htdocs\sertifikat-baru\system\CodeIgniter.php(384): CodeIgniter\Filters\Filters->enableFilter('auth', 'before')
#2 C:\xampp\htdocs\sertifikat-baru\system\CodeIgniter.php(326): CodeIgniter\CodeIgniter->handleRequest(NULL, Object(Config\Cache), false)
#3 C:\xampp\htdocs\sertifikat-baru\public\index.php(37): CodeIgniter\CodeIgniter->run()
#4 C:\xampp\htdocs\sertifikat-baru\system\Commands\Server\rewrite.php(43): require_once('C:\\xampp\\htdocs...')
#5 {main}
CRITICAL - 2023-11-07 07:25:03 --> auth filter must have a matching alias defined.
#0 C:\xampp\htdocs\sertifikat-baru\system\Filters\Filters.php(340): CodeIgniter\Filters\Exceptions\FilterException::forNoAlias('auth')
#1 C:\xampp\htdocs\sertifikat-baru\system\CodeIgniter.php(384): CodeIgniter\Filters\Filters->enableFilter('auth', 'before')
#2 C:\xampp\htdocs\sertifikat-baru\system\CodeIgniter.php(326): CodeIgniter\CodeIgniter->handleRequest(NULL, Object(Config\Cache), false)
#3 C:\xampp\htdocs\sertifikat-baru\public\index.php(37): CodeIgniter\CodeIgniter->run()
#4 C:\xampp\htdocs\sertifikat-baru\system\Commands\Server\rewrite.php(43): require_once('C:\\xampp\\htdocs...')
#5 {main}
