CRITICAL - 2023-11-08 01:02:57 --> Undefined variable: title
#0 C:\xampp\htdocs\sertifikat\app\Views\peserta\index.php(19): CodeIgniter\Debug\Exceptions->errorHandler(8, 'Undefined varia...', 'C:\\xampp\\htdocs...', 19, Array)
#1 C:\xampp\htdocs\sertifikat\system\View\View.php(210): include('C:\\xampp\\htdocs...')
#2 C:\xampp\htdocs\sertifikat\system\View\View.php(213): CodeIgniter\View\View->CodeIgniter\View\{closure}()
#3 C:\xampp\htdocs\sertifikat\system\Common.php(1089): CodeIgniter\View\View->render('peserta/index', Array, true)
#4 C:\xampp\htdocs\sertifikat\app\Controllers\Peserta.php(22): view('peserta/index')
#5 C:\xampp\htdocs\sertifikat\system\CodeIgniter.php(832): App\Controllers\Peserta->index()
#6 C:\xampp\htdocs\sertifikat\system\CodeIgniter.php(419): CodeIgniter\CodeIgniter->runController(Object(App\Controllers\Peserta))
#7 C:\xampp\htdocs\sertifikat\system\CodeIgniter.php(326): CodeIgniter\CodeIgniter->handleRequest(NULL, Object(Config\Cache), false)
#8 C:\xampp\htdocs\sertifikat\public\index.php(37): CodeIgniter\CodeIgniter->run()
#9 C:\xampp\htdocs\sertifikat\system\Commands\Server\rewrite.php(43): require_once('C:\\xampp\\htdocs...')
#10 {main}
CRITICAL - 2023-11-08 01:02:58 --> Undefined variable: title
#0 C:\xampp\htdocs\sertifikat\app\Views\peserta\index.php(19): CodeIgniter\Debug\Exceptions->errorHandler(8, 'Undefined varia...', 'C:\\xampp\\htdocs...', 19, Array)
#1 C:\xampp\htdocs\sertifikat\system\View\View.php(210): include('C:\\xampp\\htdocs...')
#2 C:\xampp\htdocs\sertifikat\system\View\View.php(213): CodeIgniter\View\View->CodeIgniter\View\{closure}()
#3 C:\xampp\htdocs\sertifikat\system\Common.php(1089): CodeIgniter\View\View->render('peserta/index', Array, true)
#4 C:\xampp\htdocs\sertifikat\app\Controllers\Peserta.php(22): view('peserta/index')
#5 C:\xampp\htdocs\sertifikat\system\CodeIgniter.php(832): App\Controllers\Peserta->index()
#6 C:\xampp\htdocs\sertifikat\system\CodeIgniter.php(419): CodeIgniter\CodeIgniter->runController(Object(App\Controllers\Peserta))
#7 C:\xampp\htdocs\sertifikat\system\CodeIgniter.php(326): CodeIgniter\CodeIgniter->handleRequest(NULL, Object(Config\Cache), false)
#8 C:\xampp\htdocs\sertifikat\public\index.php(37): CodeIgniter\CodeIgniter->run()
#9 C:\xampp\htdocs\sertifikat\system\Commands\Server\rewrite.php(43): require_once('C:\\xampp\\htdocs...')
#10 {main}
CRITICAL - 2023-11-08 01:02:58 --> Undefined variable: title
#0 C:\xampp\htdocs\sertifikat\app\Views\peserta\index.php(19): CodeIgniter\Debug\Exceptions->errorHandler(8, 'Undefined varia...', 'C:\\xampp\\htdocs...', 19, Array)
#1 C:\xampp\htdocs\sertifikat\system\View\View.php(210): include('C:\\xampp\\htdocs...')
#2 C:\xampp\htdocs\sertifikat\system\View\View.php(213): CodeIgniter\View\View->CodeIgniter\View\{closure}()
#3 C:\xampp\htdocs\sertifikat\system\Common.php(1089): CodeIgniter\View\View->render('peserta/index', Array, true)
#4 C:\xampp\htdocs\sertifikat\app\Controllers\Peserta.php(22): view('peserta/index')
#5 C:\xampp\htdocs\sertifikat\system\CodeIgniter.php(832): App\Controllers\Peserta->index()
#6 C:\xampp\htdocs\sertifikat\system\CodeIgniter.php(419): CodeIgniter\CodeIgniter->runController(Object(App\Controllers\Peserta))
#7 C:\xampp\htdocs\sertifikat\system\CodeIgniter.php(326): CodeIgniter\CodeIgniter->handleRequest(NULL, Object(Config\Cache), false)
#8 C:\xampp\htdocs\sertifikat\public\index.php(37): CodeIgniter\CodeIgniter->run()
#9 C:\xampp\htdocs\sertifikat\system\Commands\Server\rewrite.php(43): require_once('C:\\xampp\\htdocs...')
#10 {main}
CRITICAL - 2023-11-08 01:29:03 --> Call to a member function findAll() on null
#0 C:\xampp\htdocs\sertifikat\system\CodeIgniter.php(832): App\Controllers\Peserta->index()
#1 C:\xampp\htdocs\sertifikat\system\CodeIgniter.php(419): CodeIgniter\CodeIgniter->runController(Object(App\Controllers\Peserta))
#2 C:\xampp\htdocs\sertifikat\system\CodeIgniter.php(326): CodeIgniter\CodeIgniter->handleRequest(NULL, Object(Config\Cache), false)
#3 C:\xampp\htdocs\sertifikat\public\index.php(37): CodeIgniter\CodeIgniter->run()
#4 C:\xampp\htdocs\sertifikat\system\Commands\Server\rewrite.php(43): require_once('C:\\xampp\\htdocs...')
#5 {main}
CRITICAL - 2023-11-08 01:29:42 --> Undefined variable: data
#0 C:\xampp\htdocs\sertifikat\app\Controllers\Peserta.php(22): CodeIgniter\Debug\Exceptions->errorHandler(8, 'Undefined varia...', 'C:\\xampp\\htdocs...', 22, Array)
#1 C:\xampp\htdocs\sertifikat\system\CodeIgniter.php(832): App\Controllers\Peserta->index()
#2 C:\xampp\htdocs\sertifikat\system\CodeIgniter.php(419): CodeIgniter\CodeIgniter->runController(Object(App\Controllers\Peserta))
#3 C:\xampp\htdocs\sertifikat\system\CodeIgniter.php(326): CodeIgniter\CodeIgniter->handleRequest(NULL, Object(Config\Cache), false)
#4 C:\xampp\htdocs\sertifikat\public\index.php(37): CodeIgniter\CodeIgniter->run()
#5 C:\xampp\htdocs\sertifikat\system\Commands\Server\rewrite.php(43): require_once('C:\\xampp\\htdocs...')
#6 {main}
CRITICAL - 2023-11-08 01:29:51 --> Undefined variable: title
#0 C:\xampp\htdocs\sertifikat\app\Views\peserta\index.php(19): CodeIgniter\Debug\Exceptions->errorHandler(8, 'Undefined varia...', 'C:\\xampp\\htdocs...', 19, Array)
#1 C:\xampp\htdocs\sertifikat\system\View\View.php(210): include('C:\\xampp\\htdocs...')
#2 C:\xampp\htdocs\sertifikat\system\View\View.php(213): CodeIgniter\View\View->CodeIgniter\View\{closure}()
#3 C:\xampp\htdocs\sertifikat\system\Common.php(1089): CodeIgniter\View\View->render('peserta/index', Array, true)
#4 C:\xampp\htdocs\sertifikat\app\Controllers\Peserta.php(22): view('peserta/index')
#5 C:\xampp\htdocs\sertifikat\system\CodeIgniter.php(832): App\Controllers\Peserta->index()
#6 C:\xampp\htdocs\sertifikat\system\CodeIgniter.php(419): CodeIgniter\CodeIgniter->runController(Object(App\Controllers\Peserta))
#7 C:\xampp\htdocs\sertifikat\system\CodeIgniter.php(326): CodeIgniter\CodeIgniter->handleRequest(NULL, Object(Config\Cache), false)
#8 C:\xampp\htdocs\sertifikat\public\index.php(37): CodeIgniter\CodeIgniter->run()
#9 C:\xampp\htdocs\sertifikat\system\Commands\Server\rewrite.php(43): require_once('C:\\xampp\\htdocs...')
#10 {main}
CRITICAL - 2023-11-08 01:30:20 --> Undefined variable: result
#0 C:\xampp\htdocs\sertifikat\app\Views\peserta\index.php(37): CodeIgniter\Debug\Exceptions->errorHandler(8, 'Undefined varia...', 'C:\\xampp\\htdocs...', 37, Array)
#1 C:\xampp\htdocs\sertifikat\system\View\View.php(210): include('C:\\xampp\\htdocs...')
#2 C:\xampp\htdocs\sertifikat\system\View\View.php(213): CodeIgniter\View\View->CodeIgniter\View\{closure}()
#3 C:\xampp\htdocs\sertifikat\system\Common.php(1089): CodeIgniter\View\View->render('peserta/index', Array, true)
#4 C:\xampp\htdocs\sertifikat\app\Controllers\Peserta.php(22): view('peserta/index', Array)
#5 C:\xampp\htdocs\sertifikat\system\CodeIgniter.php(832): App\Controllers\Peserta->index()
#6 C:\xampp\htdocs\sertifikat\system\CodeIgniter.php(419): CodeIgniter\CodeIgniter->runController(Object(App\Controllers\Peserta))
#7 C:\xampp\htdocs\sertifikat\system\CodeIgniter.php(326): CodeIgniter\CodeIgniter->handleRequest(NULL, Object(Config\Cache), false)
#8 C:\xampp\htdocs\sertifikat\public\index.php(37): CodeIgniter\CodeIgniter->run()
#9 C:\xampp\htdocs\sertifikat\system\Commands\Server\rewrite.php(43): require_once('C:\\xampp\\htdocs...')
#10 {main}
CRITICAL - 2023-11-08 01:30:27 --> Undefined variable: result
#0 C:\xampp\htdocs\sertifikat\app\Views\peserta\index.php(37): CodeIgniter\Debug\Exceptions->errorHandler(8, 'Undefined varia...', 'C:\\xampp\\htdocs...', 37, Array)
#1 C:\xampp\htdocs\sertifikat\system\View\View.php(210): include('C:\\xampp\\htdocs...')
#2 C:\xampp\htdocs\sertifikat\system\View\View.php(213): CodeIgniter\View\View->CodeIgniter\View\{closure}()
#3 C:\xampp\htdocs\sertifikat\system\Common.php(1089): CodeIgniter\View\View->render('peserta/index', Array, true)
#4 C:\xampp\htdocs\sertifikat\app\Controllers\Peserta.php(22): view('peserta/index', Array)
#5 C:\xampp\htdocs\sertifikat\system\CodeIgniter.php(832): App\Controllers\Peserta->index()
#6 C:\xampp\htdocs\sertifikat\system\CodeIgniter.php(419): CodeIgniter\CodeIgniter->runController(Object(App\Controllers\Peserta))
#7 C:\xampp\htdocs\sertifikat\system\CodeIgniter.php(326): CodeIgniter\CodeIgniter->handleRequest(NULL, Object(Config\Cache), false)
#8 C:\xampp\htdocs\sertifikat\public\index.php(37): CodeIgniter\CodeIgniter->run()
#9 C:\xampp\htdocs\sertifikat\system\Commands\Server\rewrite.php(43): require_once('C:\\xampp\\htdocs...')
#10 {main}
CRITICAL - 2023-11-08 01:30:50 --> Call to a member function findAll() on null
#0 C:\xampp\htdocs\sertifikat\system\CodeIgniter.php(832): App\Controllers\Peserta->index()
#1 C:\xampp\htdocs\sertifikat\system\CodeIgniter.php(419): CodeIgniter\CodeIgniter->runController(Object(App\Controllers\Peserta))
#2 C:\xampp\htdocs\sertifikat\system\CodeIgniter.php(326): CodeIgniter\CodeIgniter->handleRequest(NULL, Object(Config\Cache), false)
#3 C:\xampp\htdocs\sertifikat\public\index.php(37): CodeIgniter\CodeIgniter->run()
#4 C:\xampp\htdocs\sertifikat\system\Commands\Server\rewrite.php(43): require_once('C:\\xampp\\htdocs...')
#5 {main}
CRITICAL - 2023-11-08 01:30:54 --> Call to a member function findAll() on null
#0 C:\xampp\htdocs\sertifikat\system\CodeIgniter.php(832): App\Controllers\Peserta->index()
#1 C:\xampp\htdocs\sertifikat\system\CodeIgniter.php(419): CodeIgniter\CodeIgniter->runController(Object(App\Controllers\Peserta))
#2 C:\xampp\htdocs\sertifikat\system\CodeIgniter.php(326): CodeIgniter\CodeIgniter->handleRequest(NULL, Object(Config\Cache), false)
#3 C:\xampp\htdocs\sertifikat\public\index.php(37): CodeIgniter\CodeIgniter->run()
#4 C:\xampp\htdocs\sertifikat\system\Commands\Server\rewrite.php(43): require_once('C:\\xampp\\htdocs...')
#5 {main}
CRITICAL - 2023-11-08 01:30:55 --> Undefined variable: dataPeserta
#0 C:\xampp\htdocs\sertifikat\app\Controllers\Peserta.php(20): CodeIgniter\Debug\Exceptions->errorHandler(8, 'Undefined varia...', 'C:\\xampp\\htdocs...', 20, Array)
#1 C:\xampp\htdocs\sertifikat\system\CodeIgniter.php(832): App\Controllers\Peserta->index()
#2 C:\xampp\htdocs\sertifikat\system\CodeIgniter.php(419): CodeIgniter\CodeIgniter->runController(Object(App\Controllers\Peserta))
#3 C:\xampp\htdocs\sertifikat\system\CodeIgniter.php(326): CodeIgniter\CodeIgniter->handleRequest(NULL, Object(Config\Cache), false)
#4 C:\xampp\htdocs\sertifikat\public\index.php(37): CodeIgniter\CodeIgniter->run()
#5 C:\xampp\htdocs\sertifikat\system\Commands\Server\rewrite.php(43): require_once('C:\\xampp\\htdocs...')
#6 {main}
CRITICAL - 2023-11-08 01:30:56 --> Undefined variable: dataPeserta
#0 C:\xampp\htdocs\sertifikat\app\Controllers\Peserta.php(20): CodeIgniter\Debug\Exceptions->errorHandler(8, 'Undefined varia...', 'C:\\xampp\\htdocs...', 20, Array)
#1 C:\xampp\htdocs\sertifikat\system\CodeIgniter.php(832): App\Controllers\Peserta->index()
#2 C:\xampp\htdocs\sertifikat\system\CodeIgniter.php(419): CodeIgniter\CodeIgniter->runController(Object(App\Controllers\Peserta))
#3 C:\xampp\htdocs\sertifikat\system\CodeIgniter.php(326): CodeIgniter\CodeIgniter->handleRequest(NULL, Object(Config\Cache), false)
#4 C:\xampp\htdocs\sertifikat\public\index.php(37): CodeIgniter\CodeIgniter->run()
#5 C:\xampp\htdocs\sertifikat\system\Commands\Server\rewrite.php(43): require_once('C:\\xampp\\htdocs...')
#6 {main}
CRITICAL - 2023-11-08 01:30:56 --> Undefined variable: dataPeserta
#0 C:\xampp\htdocs\sertifikat\app\Controllers\Peserta.php(20): CodeIgniter\Debug\Exceptions->errorHandler(8, 'Undefined varia...', 'C:\\xampp\\htdocs...', 20, Array)
#1 C:\xampp\htdocs\sertifikat\system\CodeIgniter.php(832): App\Controllers\Peserta->index()
#2 C:\xampp\htdocs\sertifikat\system\CodeIgniter.php(419): CodeIgniter\CodeIgniter->runController(Object(App\Controllers\Peserta))
#3 C:\xampp\htdocs\sertifikat\system\CodeIgniter.php(326): CodeIgniter\CodeIgniter->handleRequest(NULL, Object(Config\Cache), false)
#4 C:\xampp\htdocs\sertifikat\public\index.php(37): CodeIgniter\CodeIgniter->run()
#5 C:\xampp\htdocs\sertifikat\system\Commands\Server\rewrite.php(43): require_once('C:\\xampp\\htdocs...')
#6 {main}
CRITICAL - 2023-11-08 01:30:57 --> Undefined variable: dataPeserta
#0 C:\xampp\htdocs\sertifikat\app\Controllers\Peserta.php(20): CodeIgniter\Debug\Exceptions->errorHandler(8, 'Undefined varia...', 'C:\\xampp\\htdocs...', 20, Array)
#1 C:\xampp\htdocs\sertifikat\system\CodeIgniter.php(832): App\Controllers\Peserta->index()
#2 C:\xampp\htdocs\sertifikat\system\CodeIgniter.php(419): CodeIgniter\CodeIgniter->runController(Object(App\Controllers\Peserta))
#3 C:\xampp\htdocs\sertifikat\system\CodeIgniter.php(326): CodeIgniter\CodeIgniter->handleRequest(NULL, Object(Config\Cache), false)
#4 C:\xampp\htdocs\sertifikat\public\index.php(37): CodeIgniter\CodeIgniter->run()
#5 C:\xampp\htdocs\sertifikat\system\Commands\Server\rewrite.php(43): require_once('C:\\xampp\\htdocs...')
#6 {main}
CRITICAL - 2023-11-08 01:30:57 --> Undefined variable: dataPeserta
#0 C:\xampp\htdocs\sertifikat\app\Controllers\Peserta.php(20): CodeIgniter\Debug\Exceptions->errorHandler(8, 'Undefined varia...', 'C:\\xampp\\htdocs...', 20, Array)
#1 C:\xampp\htdocs\sertifikat\system\CodeIgniter.php(832): App\Controllers\Peserta->index()
#2 C:\xampp\htdocs\sertifikat\system\CodeIgniter.php(419): CodeIgniter\CodeIgniter->runController(Object(App\Controllers\Peserta))
#3 C:\xampp\htdocs\sertifikat\system\CodeIgniter.php(326): CodeIgniter\CodeIgniter->handleRequest(NULL, Object(Config\Cache), false)
#4 C:\xampp\htdocs\sertifikat\public\index.php(37): CodeIgniter\CodeIgniter->run()
#5 C:\xampp\htdocs\sertifikat\system\Commands\Server\rewrite.php(43): require_once('C:\\xampp\\htdocs...')
#6 {main}
CRITICAL - 2023-11-08 01:33:01 --> Undefined variable: result
#0 C:\xampp\htdocs\sertifikat\app\Views\peserta\index.php(37): CodeIgniter\Debug\Exceptions->errorHandler(8, 'Undefined varia...', 'C:\\xampp\\htdocs...', 37, Array)
#1 C:\xampp\htdocs\sertifikat\system\View\View.php(210): include('C:\\xampp\\htdocs...')
#2 C:\xampp\htdocs\sertifikat\system\View\View.php(213): CodeIgniter\View\View->CodeIgniter\View\{closure}()
#3 C:\xampp\htdocs\sertifikat\system\Common.php(1089): CodeIgniter\View\View->render('peserta/index', Array, true)
#4 C:\xampp\htdocs\sertifikat\app\Controllers\Peserta.php(22): view('peserta/index', Array)
#5 C:\xampp\htdocs\sertifikat\system\CodeIgniter.php(832): App\Controllers\Peserta->index()
#6 C:\xampp\htdocs\sertifikat\system\CodeIgniter.php(419): CodeIgniter\CodeIgniter->runController(Object(App\Controllers\Peserta))
#7 C:\xampp\htdocs\sertifikat\system\CodeIgniter.php(326): CodeIgniter\CodeIgniter->handleRequest(NULL, Object(Config\Cache), false)
#8 C:\xampp\htdocs\sertifikat\public\index.php(37): CodeIgniter\CodeIgniter->run()
#9 C:\xampp\htdocs\sertifikat\system\Commands\Server\rewrite.php(43): require_once('C:\\xampp\\htdocs...')
#10 {main}
CRITICAL - 2023-11-08 02:01:16 --> Undefined variable: id_acara
#0 C:\xampp\htdocs\sertifikat\app\Views\peserta\index.php(23): CodeIgniter\Debug\Exceptions->errorHandler(8, 'Undefined varia...', 'C:\\xampp\\htdocs...', 23, Array)
#1 C:\xampp\htdocs\sertifikat\system\View\View.php(210): include('C:\\xampp\\htdocs...')
#2 C:\xampp\htdocs\sertifikat\system\View\View.php(213): CodeIgniter\View\View->CodeIgniter\View\{closure}()
#3 C:\xampp\htdocs\sertifikat\system\Common.php(1089): CodeIgniter\View\View->render('peserta/index', Array, true)
#4 C:\xampp\htdocs\sertifikat\app\Controllers\Peserta.php(22): view('peserta/index', Array)
#5 C:\xampp\htdocs\sertifikat\system\CodeIgniter.php(832): App\Controllers\Peserta->index()
#6 C:\xampp\htdocs\sertifikat\system\CodeIgniter.php(419): CodeIgniter\CodeIgniter->runController(Object(App\Controllers\Peserta))
#7 C:\xampp\htdocs\sertifikat\system\CodeIgniter.php(326): CodeIgniter\CodeIgniter->handleRequest(NULL, Object(Config\Cache), false)
#8 C:\xampp\htdocs\sertifikat\public\index.php(37): CodeIgniter\CodeIgniter->run()
#9 C:\xampp\htdocs\sertifikat\system\Commands\Server\rewrite.php(43): require_once('C:\\xampp\\htdocs...')
#10 {main}
CRITICAL - 2023-11-08 02:01:43 --> Undefined variable: id_acara
#0 C:\xampp\htdocs\sertifikat\app\Views\peserta\index.php(23): CodeIgniter\Debug\Exceptions->errorHandler(8, 'Undefined varia...', 'C:\\xampp\\htdocs...', 23, Array)
#1 C:\xampp\htdocs\sertifikat\system\View\View.php(210): include('C:\\xampp\\htdocs...')
#2 C:\xampp\htdocs\sertifikat\system\View\View.php(213): CodeIgniter\View\View->CodeIgniter\View\{closure}()
#3 C:\xampp\htdocs\sertifikat\system\Common.php(1089): CodeIgniter\View\View->render('peserta/index', Array, true)
#4 C:\xampp\htdocs\sertifikat\app\Controllers\Peserta.php(22): view('peserta/index', Array)
#5 C:\xampp\htdocs\sertifikat\system\CodeIgniter.php(832): App\Controllers\Peserta->index()
#6 C:\xampp\htdocs\sertifikat\system\CodeIgniter.php(419): CodeIgniter\CodeIgniter->runController(Object(App\Controllers\Peserta))
#7 C:\xampp\htdocs\sertifikat\system\CodeIgniter.php(326): CodeIgniter\CodeIgniter->handleRequest(NULL, Object(Config\Cache), false)
#8 C:\xampp\htdocs\sertifikat\public\index.php(37): CodeIgniter\CodeIgniter->run()
#9 C:\xampp\htdocs\sertifikat\system\Commands\Server\rewrite.php(43): require_once('C:\\xampp\\htdocs...')
#10 {main}
CRITICAL - 2023-11-08 02:01:45 --> Undefined variable: id_acara
#0 C:\xampp\htdocs\sertifikat\app\Views\peserta\index.php(23): CodeIgniter\Debug\Exceptions->errorHandler(8, 'Undefined varia...', 'C:\\xampp\\htdocs...', 23, Array)
#1 C:\xampp\htdocs\sertifikat\system\View\View.php(210): include('C:\\xampp\\htdocs...')
#2 C:\xampp\htdocs\sertifikat\system\View\View.php(213): CodeIgniter\View\View->CodeIgniter\View\{closure}()
#3 C:\xampp\htdocs\sertifikat\system\Common.php(1089): CodeIgniter\View\View->render('peserta/index', Array, true)
#4 C:\xampp\htdocs\sertifikat\app\Controllers\Peserta.php(22): view('peserta/index', Array)
#5 C:\xampp\htdocs\sertifikat\system\CodeIgniter.php(832): App\Controllers\Peserta->index()
#6 C:\xampp\htdocs\sertifikat\system\CodeIgniter.php(419): CodeIgniter\CodeIgniter->runController(Object(App\Controllers\Peserta))
#7 C:\xampp\htdocs\sertifikat\system\CodeIgniter.php(326): CodeIgniter\CodeIgniter->handleRequest(NULL, Object(Config\Cache), false)
#8 C:\xampp\htdocs\sertifikat\public\index.php(37): CodeIgniter\CodeIgniter->run()
#9 C:\xampp\htdocs\sertifikat\system\Commands\Server\rewrite.php(43): require_once('C:\\xampp\\htdocs...')
#10 {main}
CRITICAL - 2023-11-08 02:01:58 --> Undefined variable: result
#0 C:\xampp\htdocs\sertifikat\app\Views\peserta\index.php(48): CodeIgniter\Debug\Exceptions->errorHandler(8, 'Undefined varia...', 'C:\\xampp\\htdocs...', 48, Array)
#1 C:\xampp\htdocs\sertifikat\system\View\View.php(210): include('C:\\xampp\\htdocs...')
#2 C:\xampp\htdocs\sertifikat\system\View\View.php(213): CodeIgniter\View\View->CodeIgniter\View\{closure}()
#3 C:\xampp\htdocs\sertifikat\system\Common.php(1089): CodeIgniter\View\View->render('peserta/index', Array, true)
#4 C:\xampp\htdocs\sertifikat\app\Controllers\Peserta.php(22): view('peserta/index', Array)
#5 C:\xampp\htdocs\sertifikat\system\CodeIgniter.php(832): App\Controllers\Peserta->index()
#6 C:\xampp\htdocs\sertifikat\system\CodeIgniter.php(419): CodeIgniter\CodeIgniter->runController(Object(App\Controllers\Peserta))
#7 C:\xampp\htdocs\sertifikat\system\CodeIgniter.php(326): CodeIgniter\CodeIgniter->handleRequest(NULL, Object(Config\Cache), false)
#8 C:\xampp\htdocs\sertifikat\public\index.php(37): CodeIgniter\CodeIgniter->run()
#9 C:\xampp\htdocs\sertifikat\system\Commands\Server\rewrite.php(43): require_once('C:\\xampp\\htdocs...')
#10 {main}
CRITICAL - 2023-11-08 02:01:58 --> Undefined variable: result
#0 C:\xampp\htdocs\sertifikat\app\Views\peserta\index.php(48): CodeIgniter\Debug\Exceptions->errorHandler(8, 'Undefined varia...', 'C:\\xampp\\htdocs...', 48, Array)
#1 C:\xampp\htdocs\sertifikat\system\View\View.php(210): include('C:\\xampp\\htdocs...')
#2 C:\xampp\htdocs\sertifikat\system\View\View.php(213): CodeIgniter\View\View->CodeIgniter\View\{closure}()
#3 C:\xampp\htdocs\sertifikat\system\Common.php(1089): CodeIgniter\View\View->render('peserta/index', Array, true)
#4 C:\xampp\htdocs\sertifikat\app\Controllers\Peserta.php(22): view('peserta/index', Array)
#5 C:\xampp\htdocs\sertifikat\system\CodeIgniter.php(832): App\Controllers\Peserta->index()
#6 C:\xampp\htdocs\sertifikat\system\CodeIgniter.php(419): CodeIgniter\CodeIgniter->runController(Object(App\Controllers\Peserta))
#7 C:\xampp\htdocs\sertifikat\system\CodeIgniter.php(326): CodeIgniter\CodeIgniter->handleRequest(NULL, Object(Config\Cache), false)
#8 C:\xampp\htdocs\sertifikat\public\index.php(37): CodeIgniter\CodeIgniter->run()
#9 C:\xampp\htdocs\sertifikat\system\Commands\Server\rewrite.php(43): require_once('C:\\xampp\\htdocs...')
#10 {main}
CRITICAL - 2023-11-08 02:11:33 --> Undefined variable: result
#0 C:\xampp\htdocs\sertifikat\app\Views\peserta\index.php(58): CodeIgniter\Debug\Exceptions->errorHandler(8, 'Undefined varia...', 'C:\\xampp\\htdocs...', 58, Array)
#1 C:\xampp\htdocs\sertifikat\system\View\View.php(210): include('C:\\xampp\\htdocs...')
#2 C:\xampp\htdocs\sertifikat\system\View\View.php(213): CodeIgniter\View\View->CodeIgniter\View\{closure}()
#3 C:\xampp\htdocs\sertifikat\system\Common.php(1089): CodeIgniter\View\View->render('peserta/index', Array, true)
#4 C:\xampp\htdocs\sertifikat\app\Controllers\Peserta.php(22): view('peserta/index', Array)
#5 C:\xampp\htdocs\sertifikat\system\CodeIgniter.php(832): App\Controllers\Peserta->index()
#6 C:\xampp\htdocs\sertifikat\system\CodeIgniter.php(419): CodeIgniter\CodeIgniter->runController(Object(App\Controllers\Peserta))
#7 C:\xampp\htdocs\sertifikat\system\CodeIgniter.php(326): CodeIgniter\CodeIgniter->handleRequest(NULL, Object(Config\Cache), false)
#8 C:\xampp\htdocs\sertifikat\public\index.php(37): CodeIgniter\CodeIgniter->run()
#9 C:\xampp\htdocs\sertifikat\system\Commands\Server\rewrite.php(43): require_once('C:\\xampp\\htdocs...')
#10 {main}
CRITICAL - 2023-11-08 02:12:29 --> Call to a member function findAll() on null
#0 C:\xampp\htdocs\sertifikat\system\CodeIgniter.php(832): App\Controllers\Peserta->index()
#1 C:\xampp\htdocs\sertifikat\system\CodeIgniter.php(419): CodeIgniter\CodeIgniter->runController(Object(App\Controllers\Peserta))
#2 C:\xampp\htdocs\sertifikat\system\CodeIgniter.php(326): CodeIgniter\CodeIgniter->handleRequest(NULL, Object(Config\Cache), false)
#3 C:\xampp\htdocs\sertifikat\public\index.php(37): CodeIgniter\CodeIgniter->run()
#4 C:\xampp\htdocs\sertifikat\system\Commands\Server\rewrite.php(43): require_once('C:\\xampp\\htdocs...')
#5 {main}
CRITICAL - 2023-11-08 02:12:29 --> Call to a member function findAll() on null
#0 C:\xampp\htdocs\sertifikat\system\CodeIgniter.php(832): App\Controllers\Peserta->index()
#1 C:\xampp\htdocs\sertifikat\system\CodeIgniter.php(419): CodeIgniter\CodeIgniter->runController(Object(App\Controllers\Peserta))
#2 C:\xampp\htdocs\sertifikat\system\CodeIgniter.php(326): CodeIgniter\CodeIgniter->handleRequest(NULL, Object(Config\Cache), false)
#3 C:\xampp\htdocs\sertifikat\public\index.php(37): CodeIgniter\CodeIgniter->run()
#4 C:\xampp\htdocs\sertifikat\system\Commands\Server\rewrite.php(43): require_once('C:\\xampp\\htdocs...')
#5 {main}
CRITICAL - 2023-11-08 02:12:30 --> Call to a member function findAll() on null
#0 C:\xampp\htdocs\sertifikat\system\CodeIgniter.php(832): App\Controllers\Peserta->index()
#1 C:\xampp\htdocs\sertifikat\system\CodeIgniter.php(419): CodeIgniter\CodeIgniter->runController(Object(App\Controllers\Peserta))
#2 C:\xampp\htdocs\sertifikat\system\CodeIgniter.php(326): CodeIgniter\CodeIgniter->handleRequest(NULL, Object(Config\Cache), false)
#3 C:\xampp\htdocs\sertifikat\public\index.php(37): CodeIgniter\CodeIgniter->run()
#4 C:\xampp\htdocs\sertifikat\system\Commands\Server\rewrite.php(43): require_once('C:\\xampp\\htdocs...')
#5 {main}
CRITICAL - 2023-11-08 02:12:30 --> Call to a member function findAll() on null
#0 C:\xampp\htdocs\sertifikat\system\CodeIgniter.php(832): App\Controllers\Peserta->index()
#1 C:\xampp\htdocs\sertifikat\system\CodeIgniter.php(419): CodeIgniter\CodeIgniter->runController(Object(App\Controllers\Peserta))
#2 C:\xampp\htdocs\sertifikat\system\CodeIgniter.php(326): CodeIgniter\CodeIgniter->handleRequest(NULL, Object(Config\Cache), false)
#3 C:\xampp\htdocs\sertifikat\public\index.php(37): CodeIgniter\CodeIgniter->run()
#4 C:\xampp\htdocs\sertifikat\system\Commands\Server\rewrite.php(43): require_once('C:\\xampp\\htdocs...')
#5 {main}
CRITICAL - 2023-11-08 02:12:30 --> Call to a member function findAll() on null
#0 C:\xampp\htdocs\sertifikat\system\CodeIgniter.php(832): App\Controllers\Peserta->index()
#1 C:\xampp\htdocs\sertifikat\system\CodeIgniter.php(419): CodeIgniter\CodeIgniter->runController(Object(App\Controllers\Peserta))
#2 C:\xampp\htdocs\sertifikat\system\CodeIgniter.php(326): CodeIgniter\CodeIgniter->handleRequest(NULL, Object(Config\Cache), false)
#3 C:\xampp\htdocs\sertifikat\public\index.php(37): CodeIgniter\CodeIgniter->run()
#4 C:\xampp\htdocs\sertifikat\system\Commands\Server\rewrite.php(43): require_once('C:\\xampp\\htdocs...')
#5 {main}
CRITICAL - 2023-11-08 02:12:47 --> Call to a member function findAll() on null
#0 C:\xampp\htdocs\sertifikat\system\CodeIgniter.php(832): App\Controllers\Peserta->index()
#1 C:\xampp\htdocs\sertifikat\system\CodeIgniter.php(419): CodeIgniter\CodeIgniter->runController(Object(App\Controllers\Peserta))
#2 C:\xampp\htdocs\sertifikat\system\CodeIgniter.php(326): CodeIgniter\CodeIgniter->handleRequest(NULL, Object(Config\Cache), false)
#3 C:\xampp\htdocs\sertifikat\public\index.php(37): CodeIgniter\CodeIgniter->run()
#4 C:\xampp\htdocs\sertifikat\system\Commands\Server\rewrite.php(43): require_once('C:\\xampp\\htdocs...')
#5 {main}
CRITICAL - 2023-11-08 02:12:48 --> Call to a member function findAll() on null
#0 C:\xampp\htdocs\sertifikat\system\CodeIgniter.php(832): App\Controllers\Peserta->index()
#1 C:\xampp\htdocs\sertifikat\system\CodeIgniter.php(419): CodeIgniter\CodeIgniter->runController(Object(App\Controllers\Peserta))
#2 C:\xampp\htdocs\sertifikat\system\CodeIgniter.php(326): CodeIgniter\CodeIgniter->handleRequest(NULL, Object(Config\Cache), false)
#3 C:\xampp\htdocs\sertifikat\public\index.php(37): CodeIgniter\CodeIgniter->run()
#4 C:\xampp\htdocs\sertifikat\system\Commands\Server\rewrite.php(43): require_once('C:\\xampp\\htdocs...')
#5 {main}
CRITICAL - 2023-11-08 02:12:49 --> Call to a member function findAll() on null
#0 C:\xampp\htdocs\sertifikat\system\CodeIgniter.php(832): App\Controllers\Peserta->index()
#1 C:\xampp\htdocs\sertifikat\system\CodeIgniter.php(419): CodeIgniter\CodeIgniter->runController(Object(App\Controllers\Peserta))
#2 C:\xampp\htdocs\sertifikat\system\CodeIgniter.php(326): CodeIgniter\CodeIgniter->handleRequest(NULL, Object(Config\Cache), false)
#3 C:\xampp\htdocs\sertifikat\public\index.php(37): CodeIgniter\CodeIgniter->run()
#4 C:\xampp\htdocs\sertifikat\system\Commands\Server\rewrite.php(43): require_once('C:\\xampp\\htdocs...')
#5 {main}
CRITICAL - 2023-11-08 02:12:52 --> Call to a member function findAll() on null
#0 C:\xampp\htdocs\sertifikat\system\CodeIgniter.php(832): App\Controllers\Peserta->index()
#1 C:\xampp\htdocs\sertifikat\system\CodeIgniter.php(419): CodeIgniter\CodeIgniter->runController(Object(App\Controllers\Peserta))
#2 C:\xampp\htdocs\sertifikat\system\CodeIgniter.php(326): CodeIgniter\CodeIgniter->handleRequest(NULL, Object(Config\Cache), false)
#3 C:\xampp\htdocs\sertifikat\public\index.php(37): CodeIgniter\CodeIgniter->run()
#4 C:\xampp\htdocs\sertifikat\system\Commands\Server\rewrite.php(43): require_once('C:\\xampp\\htdocs...')
#5 {main}
CRITICAL - 2023-11-08 02:14:17 --> Call to a member function findAll() on null
#0 C:\xampp\htdocs\sertifikat\system\CodeIgniter.php(832): App\Controllers\Peserta->index()
#1 C:\xampp\htdocs\sertifikat\system\CodeIgniter.php(419): CodeIgniter\CodeIgniter->runController(Object(App\Controllers\Peserta))
#2 C:\xampp\htdocs\sertifikat\system\CodeIgniter.php(326): CodeIgniter\CodeIgniter->handleRequest(NULL, Object(Config\Cache), false)
#3 C:\xampp\htdocs\sertifikat\public\index.php(37): CodeIgniter\CodeIgniter->run()
#4 C:\xampp\htdocs\sertifikat\system\Commands\Server\rewrite.php(43): require_once('C:\\xampp\\htdocs...')
#5 {main}
CRITICAL - 2023-11-08 02:14:17 --> Call to a member function findAll() on null
#0 C:\xampp\htdocs\sertifikat\system\CodeIgniter.php(832): App\Controllers\Peserta->index()
#1 C:\xampp\htdocs\sertifikat\system\CodeIgniter.php(419): CodeIgniter\CodeIgniter->runController(Object(App\Controllers\Peserta))
#2 C:\xampp\htdocs\sertifikat\system\CodeIgniter.php(326): CodeIgniter\CodeIgniter->handleRequest(NULL, Object(Config\Cache), false)
#3 C:\xampp\htdocs\sertifikat\public\index.php(37): CodeIgniter\CodeIgniter->run()
#4 C:\xampp\htdocs\sertifikat\system\Commands\Server\rewrite.php(43): require_once('C:\\xampp\\htdocs...')
#5 {main}
CRITICAL - 2023-11-08 02:14:18 --> Call to a member function findAll() on null
#0 C:\xampp\htdocs\sertifikat\system\CodeIgniter.php(832): App\Controllers\Peserta->index()
#1 C:\xampp\htdocs\sertifikat\system\CodeIgniter.php(419): CodeIgniter\CodeIgniter->runController(Object(App\Controllers\Peserta))
#2 C:\xampp\htdocs\sertifikat\system\CodeIgniter.php(326): CodeIgniter\CodeIgniter->handleRequest(NULL, Object(Config\Cache), false)
#3 C:\xampp\htdocs\sertifikat\public\index.php(37): CodeIgniter\CodeIgniter->run()
#4 C:\xampp\htdocs\sertifikat\system\Commands\Server\rewrite.php(43): require_once('C:\\xampp\\htdocs...')
#5 {main}
CRITICAL - 2023-11-08 02:14:18 --> Call to a member function findAll() on null
#0 C:\xampp\htdocs\sertifikat\system\CodeIgniter.php(832): App\Controllers\Peserta->index()
#1 C:\xampp\htdocs\sertifikat\system\CodeIgniter.php(419): CodeIgniter\CodeIgniter->runController(Object(App\Controllers\Peserta))
#2 C:\xampp\htdocs\sertifikat\system\CodeIgniter.php(326): CodeIgniter\CodeIgniter->handleRequest(NULL, Object(Config\Cache), false)
#3 C:\xampp\htdocs\sertifikat\public\index.php(37): CodeIgniter\CodeIgniter->run()
#4 C:\xampp\htdocs\sertifikat\system\Commands\Server\rewrite.php(43): require_once('C:\\xampp\\htdocs...')
#5 {main}
CRITICAL - 2023-11-08 02:14:18 --> Call to a member function findAll() on null
#0 C:\xampp\htdocs\sertifikat\system\CodeIgniter.php(832): App\Controllers\Peserta->index()
#1 C:\xampp\htdocs\sertifikat\system\CodeIgniter.php(419): CodeIgniter\CodeIgniter->runController(Object(App\Controllers\Peserta))
#2 C:\xampp\htdocs\sertifikat\system\CodeIgniter.php(326): CodeIgniter\CodeIgniter->handleRequest(NULL, Object(Config\Cache), false)
#3 C:\xampp\htdocs\sertifikat\public\index.php(37): CodeIgniter\CodeIgniter->run()
#4 C:\xampp\htdocs\sertifikat\system\Commands\Server\rewrite.php(43): require_once('C:\\xampp\\htdocs...')
#5 {main}
CRITICAL - 2023-11-08 02:14:18 --> Call to a member function findAll() on null
#0 C:\xampp\htdocs\sertifikat\system\CodeIgniter.php(832): App\Controllers\Peserta->index()
#1 C:\xampp\htdocs\sertifikat\system\CodeIgniter.php(419): CodeIgniter\CodeIgniter->runController(Object(App\Controllers\Peserta))
#2 C:\xampp\htdocs\sertifikat\system\CodeIgniter.php(326): CodeIgniter\CodeIgniter->handleRequest(NULL, Object(Config\Cache), false)
#3 C:\xampp\htdocs\sertifikat\public\index.php(37): CodeIgniter\CodeIgniter->run()
#4 C:\xampp\htdocs\sertifikat\system\Commands\Server\rewrite.php(43): require_once('C:\\xampp\\htdocs...')
#5 {main}
CRITICAL - 2023-11-08 02:14:18 --> Call to a member function findAll() on null
#0 C:\xampp\htdocs\sertifikat\system\CodeIgniter.php(832): App\Controllers\Peserta->index()
#1 C:\xampp\htdocs\sertifikat\system\CodeIgniter.php(419): CodeIgniter\CodeIgniter->runController(Object(App\Controllers\Peserta))
#2 C:\xampp\htdocs\sertifikat\system\CodeIgniter.php(326): CodeIgniter\CodeIgniter->handleRequest(NULL, Object(Config\Cache), false)
#3 C:\xampp\htdocs\sertifikat\public\index.php(37): CodeIgniter\CodeIgniter->run()
#4 C:\xampp\htdocs\sertifikat\system\Commands\Server\rewrite.php(43): require_once('C:\\xampp\\htdocs...')
#5 {main}
CRITICAL - 2023-11-08 02:14:19 --> Call to a member function findAll() on null
#0 C:\xampp\htdocs\sertifikat\system\CodeIgniter.php(832): App\Controllers\Peserta->index()
#1 C:\xampp\htdocs\sertifikat\system\CodeIgniter.php(419): CodeIgniter\CodeIgniter->runController(Object(App\Controllers\Peserta))
#2 C:\xampp\htdocs\sertifikat\system\CodeIgniter.php(326): CodeIgniter\CodeIgniter->handleRequest(NULL, Object(Config\Cache), false)
#3 C:\xampp\htdocs\sertifikat\public\index.php(37): CodeIgniter\CodeIgniter->run()
#4 C:\xampp\htdocs\sertifikat\system\Commands\Server\rewrite.php(43): require_once('C:\\xampp\\htdocs...')
#5 {main}
CRITICAL - 2023-11-08 02:14:19 --> Call to a member function findAll() on null
#0 C:\xampp\htdocs\sertifikat\system\CodeIgniter.php(832): App\Controllers\Peserta->index()
#1 C:\xampp\htdocs\sertifikat\system\CodeIgniter.php(419): CodeIgniter\CodeIgniter->runController(Object(App\Controllers\Peserta))
#2 C:\xampp\htdocs\sertifikat\system\CodeIgniter.php(326): CodeIgniter\CodeIgniter->handleRequest(NULL, Object(Config\Cache), false)
#3 C:\xampp\htdocs\sertifikat\public\index.php(37): CodeIgniter\CodeIgniter->run()
#4 C:\xampp\htdocs\sertifikat\system\Commands\Server\rewrite.php(43): require_once('C:\\xampp\\htdocs...')
#5 {main}
CRITICAL - 2023-11-08 02:14:19 --> Call to a member function findAll() on null
#0 C:\xampp\htdocs\sertifikat\system\CodeIgniter.php(832): App\Controllers\Peserta->index()
#1 C:\xampp\htdocs\sertifikat\system\CodeIgniter.php(419): CodeIgniter\CodeIgniter->runController(Object(App\Controllers\Peserta))
#2 C:\xampp\htdocs\sertifikat\system\CodeIgniter.php(326): CodeIgniter\CodeIgniter->handleRequest(NULL, Object(Config\Cache), false)
#3 C:\xampp\htdocs\sertifikat\public\index.php(37): CodeIgniter\CodeIgniter->run()
#4 C:\xampp\htdocs\sertifikat\system\Commands\Server\rewrite.php(43): require_once('C:\\xampp\\htdocs...')
#5 {main}
CRITICAL - 2023-11-08 02:15:50 --> Call to a member function findAll() on null
#0 C:\xampp\htdocs\sertifikat\system\CodeIgniter.php(832): App\Controllers\Peserta->index()
#1 C:\xampp\htdocs\sertifikat\system\CodeIgniter.php(419): CodeIgniter\CodeIgniter->runController(Object(App\Controllers\Peserta))
#2 C:\xampp\htdocs\sertifikat\system\CodeIgniter.php(326): CodeIgniter\CodeIgniter->handleRequest(NULL, Object(Config\Cache), false)
#3 C:\xampp\htdocs\sertifikat\public\index.php(37): CodeIgniter\CodeIgniter->run()
#4 C:\xampp\htdocs\sertifikat\system\Commands\Server\rewrite.php(43): require_once('C:\\xampp\\htdocs...')
#5 {main}
CRITICAL - 2023-11-08 02:15:50 --> Call to a member function findAll() on null
#0 C:\xampp\htdocs\sertifikat\system\CodeIgniter.php(832): App\Controllers\Peserta->index()
#1 C:\xampp\htdocs\sertifikat\system\CodeIgniter.php(419): CodeIgniter\CodeIgniter->runController(Object(App\Controllers\Peserta))
#2 C:\xampp\htdocs\sertifikat\system\CodeIgniter.php(326): CodeIgniter\CodeIgniter->handleRequest(NULL, Object(Config\Cache), false)
#3 C:\xampp\htdocs\sertifikat\public\index.php(37): CodeIgniter\CodeIgniter->run()
#4 C:\xampp\htdocs\sertifikat\system\Commands\Server\rewrite.php(43): require_once('C:\\xampp\\htdocs...')
#5 {main}
CRITICAL - 2023-11-08 02:15:51 --> Call to a member function findAll() on null
#0 C:\xampp\htdocs\sertifikat\system\CodeIgniter.php(832): App\Controllers\Peserta->index()
#1 C:\xampp\htdocs\sertifikat\system\CodeIgniter.php(419): CodeIgniter\CodeIgniter->runController(Object(App\Controllers\Peserta))
#2 C:\xampp\htdocs\sertifikat\system\CodeIgniter.php(326): CodeIgniter\CodeIgniter->handleRequest(NULL, Object(Config\Cache), false)
#3 C:\xampp\htdocs\sertifikat\public\index.php(37): CodeIgniter\CodeIgniter->run()
#4 C:\xampp\htdocs\sertifikat\system\Commands\Server\rewrite.php(43): require_once('C:\\xampp\\htdocs...')
#5 {main}
CRITICAL - 2023-11-08 02:15:51 --> Call to a member function findAll() on null
#0 C:\xampp\htdocs\sertifikat\system\CodeIgniter.php(832): App\Controllers\Peserta->index()
#1 C:\xampp\htdocs\sertifikat\system\CodeIgniter.php(419): CodeIgniter\CodeIgniter->runController(Object(App\Controllers\Peserta))
#2 C:\xampp\htdocs\sertifikat\system\CodeIgniter.php(326): CodeIgniter\CodeIgniter->handleRequest(NULL, Object(Config\Cache), false)
#3 C:\xampp\htdocs\sertifikat\public\index.php(37): CodeIgniter\CodeIgniter->run()
#4 C:\xampp\htdocs\sertifikat\system\Commands\Server\rewrite.php(43): require_once('C:\\xampp\\htdocs...')
#5 {main}
CRITICAL - 2023-11-08 02:15:51 --> Call to a member function findAll() on null
#0 C:\xampp\htdocs\sertifikat\system\CodeIgniter.php(832): App\Controllers\Peserta->index()
#1 C:\xampp\htdocs\sertifikat\system\CodeIgniter.php(419): CodeIgniter\CodeIgniter->runController(Object(App\Controllers\Peserta))
#2 C:\xampp\htdocs\sertifikat\system\CodeIgniter.php(326): CodeIgniter\CodeIgniter->handleRequest(NULL, Object(Config\Cache), false)
#3 C:\xampp\htdocs\sertifikat\public\index.php(37): CodeIgniter\CodeIgniter->run()
#4 C:\xampp\htdocs\sertifikat\system\Commands\Server\rewrite.php(43): require_once('C:\\xampp\\htdocs...')
#5 {main}
CRITICAL - 2023-11-08 02:15:51 --> Call to a member function findAll() on null
#0 C:\xampp\htdocs\sertifikat\system\CodeIgniter.php(832): App\Controllers\Peserta->index()
#1 C:\xampp\htdocs\sertifikat\system\CodeIgniter.php(419): CodeIgniter\CodeIgniter->runController(Object(App\Controllers\Peserta))
#2 C:\xampp\htdocs\sertifikat\system\CodeIgniter.php(326): CodeIgniter\CodeIgniter->handleRequest(NULL, Object(Config\Cache), false)
#3 C:\xampp\htdocs\sertifikat\public\index.php(37): CodeIgniter\CodeIgniter->run()
#4 C:\xampp\htdocs\sertifikat\system\Commands\Server\rewrite.php(43): require_once('C:\\xampp\\htdocs...')
#5 {main}
CRITICAL - 2023-11-08 02:15:51 --> Call to a member function findAll() on null
#0 C:\xampp\htdocs\sertifikat\system\CodeIgniter.php(832): App\Controllers\Peserta->index()
#1 C:\xampp\htdocs\sertifikat\system\CodeIgniter.php(419): CodeIgniter\CodeIgniter->runController(Object(App\Controllers\Peserta))
#2 C:\xampp\htdocs\sertifikat\system\CodeIgniter.php(326): CodeIgniter\CodeIgniter->handleRequest(NULL, Object(Config\Cache), false)
#3 C:\xampp\htdocs\sertifikat\public\index.php(37): CodeIgniter\CodeIgniter->run()
#4 C:\xampp\htdocs\sertifikat\system\Commands\Server\rewrite.php(43): require_once('C:\\xampp\\htdocs...')
#5 {main}
CRITICAL - 2023-11-08 02:15:51 --> Call to a member function findAll() on null
#0 C:\xampp\htdocs\sertifikat\system\CodeIgniter.php(832): App\Controllers\Peserta->index()
#1 C:\xampp\htdocs\sertifikat\system\CodeIgniter.php(419): CodeIgniter\CodeIgniter->runController(Object(App\Controllers\Peserta))
#2 C:\xampp\htdocs\sertifikat\system\CodeIgniter.php(326): CodeIgniter\CodeIgniter->handleRequest(NULL, Object(Config\Cache), false)
#3 C:\xampp\htdocs\sertifikat\public\index.php(37): CodeIgniter\CodeIgniter->run()
#4 C:\xampp\htdocs\sertifikat\system\Commands\Server\rewrite.php(43): require_once('C:\\xampp\\htdocs...')
#5 {main}
CRITICAL - 2023-11-08 02:15:54 --> Call to a member function findAll() on null
#0 C:\xampp\htdocs\sertifikat\system\CodeIgniter.php(832): App\Controllers\Peserta->index()
#1 C:\xampp\htdocs\sertifikat\system\CodeIgniter.php(419): CodeIgniter\CodeIgniter->runController(Object(App\Controllers\Peserta))
#2 C:\xampp\htdocs\sertifikat\system\CodeIgniter.php(326): CodeIgniter\CodeIgniter->handleRequest(NULL, Object(Config\Cache), false)
#3 C:\xampp\htdocs\sertifikat\public\index.php(37): CodeIgniter\CodeIgniter->run()
#4 C:\xampp\htdocs\sertifikat\system\Commands\Server\rewrite.php(43): require_once('C:\\xampp\\htdocs...')
#5 {main}
CRITICAL - 2023-11-08 02:15:55 --> Call to a member function findAll() on null
#0 C:\xampp\htdocs\sertifikat\system\CodeIgniter.php(832): App\Controllers\Peserta->index()
#1 C:\xampp\htdocs\sertifikat\system\CodeIgniter.php(419): CodeIgniter\CodeIgniter->runController(Object(App\Controllers\Peserta))
#2 C:\xampp\htdocs\sertifikat\system\CodeIgniter.php(326): CodeIgniter\CodeIgniter->handleRequest(NULL, Object(Config\Cache), false)
#3 C:\xampp\htdocs\sertifikat\public\index.php(37): CodeIgniter\CodeIgniter->run()
#4 C:\xampp\htdocs\sertifikat\system\Commands\Server\rewrite.php(43): require_once('C:\\xampp\\htdocs...')
#5 {main}
CRITICAL - 2023-11-08 02:15:55 --> Call to a member function findAll() on null
#0 C:\xampp\htdocs\sertifikat\system\CodeIgniter.php(832): App\Controllers\Peserta->index()
#1 C:\xampp\htdocs\sertifikat\system\CodeIgniter.php(419): CodeIgniter\CodeIgniter->runController(Object(App\Controllers\Peserta))
#2 C:\xampp\htdocs\sertifikat\system\CodeIgniter.php(326): CodeIgniter\CodeIgniter->handleRequest(NULL, Object(Config\Cache), false)
#3 C:\xampp\htdocs\sertifikat\public\index.php(37): CodeIgniter\CodeIgniter->run()
#4 C:\xampp\htdocs\sertifikat\system\Commands\Server\rewrite.php(43): require_once('C:\\xampp\\htdocs...')
#5 {main}
CRITICAL - 2023-11-08 02:15:55 --> Call to a member function findAll() on null
#0 C:\xampp\htdocs\sertifikat\system\CodeIgniter.php(832): App\Controllers\Peserta->index()
#1 C:\xampp\htdocs\sertifikat\system\CodeIgniter.php(419): CodeIgniter\CodeIgniter->runController(Object(App\Controllers\Peserta))
#2 C:\xampp\htdocs\sertifikat\system\CodeIgniter.php(326): CodeIgniter\CodeIgniter->handleRequest(NULL, Object(Config\Cache), false)
#3 C:\xampp\htdocs\sertifikat\public\index.php(37): CodeIgniter\CodeIgniter->run()
#4 C:\xampp\htdocs\sertifikat\system\Commands\Server\rewrite.php(43): require_once('C:\\xampp\\htdocs...')
#5 {main}
CRITICAL - 2023-11-08 02:15:55 --> Call to a member function findAll() on null
#0 C:\xampp\htdocs\sertifikat\system\CodeIgniter.php(832): App\Controllers\Peserta->index()
#1 C:\xampp\htdocs\sertifikat\system\CodeIgniter.php(419): CodeIgniter\CodeIgniter->runController(Object(App\Controllers\Peserta))
#2 C:\xampp\htdocs\sertifikat\system\CodeIgniter.php(326): CodeIgniter\CodeIgniter->handleRequest(NULL, Object(Config\Cache), false)
#3 C:\xampp\htdocs\sertifikat\public\index.php(37): CodeIgniter\CodeIgniter->run()
#4 C:\xampp\htdocs\sertifikat\system\Commands\Server\rewrite.php(43): require_once('C:\\xampp\\htdocs...')
#5 {main}
CRITICAL - 2023-11-08 02:15:56 --> Call to a member function findAll() on null
#0 C:\xampp\htdocs\sertifikat\system\CodeIgniter.php(832): App\Controllers\Peserta->index()
#1 C:\xampp\htdocs\sertifikat\system\CodeIgniter.php(419): CodeIgniter\CodeIgniter->runController(Object(App\Controllers\Peserta))
#2 C:\xampp\htdocs\sertifikat\system\CodeIgniter.php(326): CodeIgniter\CodeIgniter->handleRequest(NULL, Object(Config\Cache), false)
#3 C:\xampp\htdocs\sertifikat\public\index.php(37): CodeIgniter\CodeIgniter->run()
#4 C:\xampp\htdocs\sertifikat\system\Commands\Server\rewrite.php(43): require_once('C:\\xampp\\htdocs...')
#5 {main}
CRITICAL - 2023-11-08 02:15:56 --> Call to a member function findAll() on null
#0 C:\xampp\htdocs\sertifikat\system\CodeIgniter.php(832): App\Controllers\Peserta->index()
#1 C:\xampp\htdocs\sertifikat\system\CodeIgniter.php(419): CodeIgniter\CodeIgniter->runController(Object(App\Controllers\Peserta))
#2 C:\xampp\htdocs\sertifikat\system\CodeIgniter.php(326): CodeIgniter\CodeIgniter->handleRequest(NULL, Object(Config\Cache), false)
#3 C:\xampp\htdocs\sertifikat\public\index.php(37): CodeIgniter\CodeIgniter->run()
#4 C:\xampp\htdocs\sertifikat\system\Commands\Server\rewrite.php(43): require_once('C:\\xampp\\htdocs...')
#5 {main}
CRITICAL - 2023-11-08 02:16:31 --> Call to a member function findAll() on null
#0 C:\xampp\htdocs\sertifikat\system\CodeIgniter.php(832): App\Controllers\Peserta->index()
#1 C:\xampp\htdocs\sertifikat\system\CodeIgniter.php(419): CodeIgniter\CodeIgniter->runController(Object(App\Controllers\Peserta))
#2 C:\xampp\htdocs\sertifikat\system\CodeIgniter.php(326): CodeIgniter\CodeIgniter->handleRequest(NULL, Object(Config\Cache), false)
#3 C:\xampp\htdocs\sertifikat\public\index.php(37): CodeIgniter\CodeIgniter->run()
#4 C:\xampp\htdocs\sertifikat\system\Commands\Server\rewrite.php(43): require_once('C:\\xampp\\htdocs...')
#5 {main}
CRITICAL - 2023-11-08 02:16:31 --> Call to a member function findAll() on null
#0 C:\xampp\htdocs\sertifikat\system\CodeIgniter.php(832): App\Controllers\Peserta->index()
#1 C:\xampp\htdocs\sertifikat\system\CodeIgniter.php(419): CodeIgniter\CodeIgniter->runController(Object(App\Controllers\Peserta))
#2 C:\xampp\htdocs\sertifikat\system\CodeIgniter.php(326): CodeIgniter\CodeIgniter->handleRequest(NULL, Object(Config\Cache), false)
#3 C:\xampp\htdocs\sertifikat\public\index.php(37): CodeIgniter\CodeIgniter->run()
#4 C:\xampp\htdocs\sertifikat\system\Commands\Server\rewrite.php(43): require_once('C:\\xampp\\htdocs...')
#5 {main}
CRITICAL - 2023-11-08 02:16:31 --> Call to a member function findAll() on null
#0 C:\xampp\htdocs\sertifikat\system\CodeIgniter.php(832): App\Controllers\Peserta->index()
#1 C:\xampp\htdocs\sertifikat\system\CodeIgniter.php(419): CodeIgniter\CodeIgniter->runController(Object(App\Controllers\Peserta))
#2 C:\xampp\htdocs\sertifikat\system\CodeIgniter.php(326): CodeIgniter\CodeIgniter->handleRequest(NULL, Object(Config\Cache), false)
#3 C:\xampp\htdocs\sertifikat\public\index.php(37): CodeIgniter\CodeIgniter->run()
#4 C:\xampp\htdocs\sertifikat\system\Commands\Server\rewrite.php(43): require_once('C:\\xampp\\htdocs...')
#5 {main}
CRITICAL - 2023-11-08 02:16:32 --> Call to a member function findAll() on null
#0 C:\xampp\htdocs\sertifikat\system\CodeIgniter.php(832): App\Controllers\Peserta->index()
#1 C:\xampp\htdocs\sertifikat\system\CodeIgniter.php(419): CodeIgniter\CodeIgniter->runController(Object(App\Controllers\Peserta))
#2 C:\xampp\htdocs\sertifikat\system\CodeIgniter.php(326): CodeIgniter\CodeIgniter->handleRequest(NULL, Object(Config\Cache), false)
#3 C:\xampp\htdocs\sertifikat\public\index.php(37): CodeIgniter\CodeIgniter->run()
#4 C:\xampp\htdocs\sertifikat\system\Commands\Server\rewrite.php(43): require_once('C:\\xampp\\htdocs...')
#5 {main}
CRITICAL - 2023-11-08 02:16:32 --> Call to a member function findAll() on null
#0 C:\xampp\htdocs\sertifikat\system\CodeIgniter.php(832): App\Controllers\Peserta->index()
#1 C:\xampp\htdocs\sertifikat\system\CodeIgniter.php(419): CodeIgniter\CodeIgniter->runController(Object(App\Controllers\Peserta))
#2 C:\xampp\htdocs\sertifikat\system\CodeIgniter.php(326): CodeIgniter\CodeIgniter->handleRequest(NULL, Object(Config\Cache), false)
#3 C:\xampp\htdocs\sertifikat\public\index.php(37): CodeIgniter\CodeIgniter->run()
#4 C:\xampp\htdocs\sertifikat\system\Commands\Server\rewrite.php(43): require_once('C:\\xampp\\htdocs...')
#5 {main}
CRITICAL - 2023-11-08 02:16:50 --> Call to a member function findAll() on null
#0 C:\xampp\htdocs\sertifikat\system\CodeIgniter.php(832): App\Controllers\Peserta->index()
#1 C:\xampp\htdocs\sertifikat\system\CodeIgniter.php(419): CodeIgniter\CodeIgniter->runController(Object(App\Controllers\Peserta))
#2 C:\xampp\htdocs\sertifikat\system\CodeIgniter.php(326): CodeIgniter\CodeIgniter->handleRequest(NULL, Object(Config\Cache), false)
#3 C:\xampp\htdocs\sertifikat\public\index.php(37): CodeIgniter\CodeIgniter->run()
#4 C:\xampp\htdocs\sertifikat\system\Commands\Server\rewrite.php(43): require_once('C:\\xampp\\htdocs...')
#5 {main}
CRITICAL - 2023-11-08 02:16:51 --> Call to a member function findAll() on null
#0 C:\xampp\htdocs\sertifikat\system\CodeIgniter.php(832): App\Controllers\Peserta->index()
#1 C:\xampp\htdocs\sertifikat\system\CodeIgniter.php(419): CodeIgniter\CodeIgniter->runController(Object(App\Controllers\Peserta))
#2 C:\xampp\htdocs\sertifikat\system\CodeIgniter.php(326): CodeIgniter\CodeIgniter->handleRequest(NULL, Object(Config\Cache), false)
#3 C:\xampp\htdocs\sertifikat\public\index.php(37): CodeIgniter\CodeIgniter->run()
#4 C:\xampp\htdocs\sertifikat\system\Commands\Server\rewrite.php(43): require_once('C:\\xampp\\htdocs...')
#5 {main}
CRITICAL - 2023-11-08 02:16:51 --> Call to a member function findAll() on null
#0 C:\xampp\htdocs\sertifikat\system\CodeIgniter.php(832): App\Controllers\Peserta->index()
#1 C:\xampp\htdocs\sertifikat\system\CodeIgniter.php(419): CodeIgniter\CodeIgniter->runController(Object(App\Controllers\Peserta))
#2 C:\xampp\htdocs\sertifikat\system\CodeIgniter.php(326): CodeIgniter\CodeIgniter->handleRequest(NULL, Object(Config\Cache), false)
#3 C:\xampp\htdocs\sertifikat\public\index.php(37): CodeIgniter\CodeIgniter->run()
#4 C:\xampp\htdocs\sertifikat\system\Commands\Server\rewrite.php(43): require_once('C:\\xampp\\htdocs...')
#5 {main}
CRITICAL - 2023-11-08 02:16:51 --> Call to a member function findAll() on null
#0 C:\xampp\htdocs\sertifikat\system\CodeIgniter.php(832): App\Controllers\Peserta->index()
#1 C:\xampp\htdocs\sertifikat\system\CodeIgniter.php(419): CodeIgniter\CodeIgniter->runController(Object(App\Controllers\Peserta))
#2 C:\xampp\htdocs\sertifikat\system\CodeIgniter.php(326): CodeIgniter\CodeIgniter->handleRequest(NULL, Object(Config\Cache), false)
#3 C:\xampp\htdocs\sertifikat\public\index.php(37): CodeIgniter\CodeIgniter->run()
#4 C:\xampp\htdocs\sertifikat\system\Commands\Server\rewrite.php(43): require_once('C:\\xampp\\htdocs...')
#5 {main}
CRITICAL - 2023-11-08 02:16:58 --> Call to a member function findAll() on null
#0 C:\xampp\htdocs\sertifikat\system\CodeIgniter.php(832): App\Controllers\Peserta->index()
#1 C:\xampp\htdocs\sertifikat\system\CodeIgniter.php(419): CodeIgniter\CodeIgniter->runController(Object(App\Controllers\Peserta))
#2 C:\xampp\htdocs\sertifikat\system\CodeIgniter.php(326): CodeIgniter\CodeIgniter->handleRequest(NULL, Object(Config\Cache), false)
#3 C:\xampp\htdocs\sertifikat\public\index.php(37): CodeIgniter\CodeIgniter->run()
#4 C:\xampp\htdocs\sertifikat\system\Commands\Server\rewrite.php(43): require_once('C:\\xampp\\htdocs...')
#5 {main}
CRITICAL - 2023-11-08 02:16:58 --> Call to a member function findAll() on null
#0 C:\xampp\htdocs\sertifikat\system\CodeIgniter.php(832): App\Controllers\Peserta->index()
#1 C:\xampp\htdocs\sertifikat\system\CodeIgniter.php(419): CodeIgniter\CodeIgniter->runController(Object(App\Controllers\Peserta))
#2 C:\xampp\htdocs\sertifikat\system\CodeIgniter.php(326): CodeIgniter\CodeIgniter->handleRequest(NULL, Object(Config\Cache), false)
#3 C:\xampp\htdocs\sertifikat\public\index.php(37): CodeIgniter\CodeIgniter->run()
#4 C:\xampp\htdocs\sertifikat\system\Commands\Server\rewrite.php(43): require_once('C:\\xampp\\htdocs...')
#5 {main}
CRITICAL - 2023-11-08 02:16:58 --> Call to a member function findAll() on null
#0 C:\xampp\htdocs\sertifikat\system\CodeIgniter.php(832): App\Controllers\Peserta->index()
#1 C:\xampp\htdocs\sertifikat\system\CodeIgniter.php(419): CodeIgniter\CodeIgniter->runController(Object(App\Controllers\Peserta))
#2 C:\xampp\htdocs\sertifikat\system\CodeIgniter.php(326): CodeIgniter\CodeIgniter->handleRequest(NULL, Object(Config\Cache), false)
#3 C:\xampp\htdocs\sertifikat\public\index.php(37): CodeIgniter\CodeIgniter->run()
#4 C:\xampp\htdocs\sertifikat\system\Commands\Server\rewrite.php(43): require_once('C:\\xampp\\htdocs...')
#5 {main}
CRITICAL - 2023-11-08 02:16:59 --> Call to a member function findAll() on null
#0 C:\xampp\htdocs\sertifikat\system\CodeIgniter.php(832): App\Controllers\Peserta->index()
#1 C:\xampp\htdocs\sertifikat\system\CodeIgniter.php(419): CodeIgniter\CodeIgniter->runController(Object(App\Controllers\Peserta))
#2 C:\xampp\htdocs\sertifikat\system\CodeIgniter.php(326): CodeIgniter\CodeIgniter->handleRequest(NULL, Object(Config\Cache), false)
#3 C:\xampp\htdocs\sertifikat\public\index.php(37): CodeIgniter\CodeIgniter->run()
#4 C:\xampp\htdocs\sertifikat\system\Commands\Server\rewrite.php(43): require_once('C:\\xampp\\htdocs...')
#5 {main}
CRITICAL - 2023-11-08 02:16:59 --> Call to a member function findAll() on null
#0 C:\xampp\htdocs\sertifikat\system\CodeIgniter.php(832): App\Controllers\Peserta->index()
#1 C:\xampp\htdocs\sertifikat\system\CodeIgniter.php(419): CodeIgniter\CodeIgniter->runController(Object(App\Controllers\Peserta))
#2 C:\xampp\htdocs\sertifikat\system\CodeIgniter.php(326): CodeIgniter\CodeIgniter->handleRequest(NULL, Object(Config\Cache), false)
#3 C:\xampp\htdocs\sertifikat\public\index.php(37): CodeIgniter\CodeIgniter->run()
#4 C:\xampp\htdocs\sertifikat\system\Commands\Server\rewrite.php(43): require_once('C:\\xampp\\htdocs...')
#5 {main}
CRITICAL - 2023-11-08 02:16:59 --> Call to a member function findAll() on null
#0 C:\xampp\htdocs\sertifikat\system\CodeIgniter.php(832): App\Controllers\Peserta->index()
#1 C:\xampp\htdocs\sertifikat\system\CodeIgniter.php(419): CodeIgniter\CodeIgniter->runController(Object(App\Controllers\Peserta))
#2 C:\xampp\htdocs\sertifikat\system\CodeIgniter.php(326): CodeIgniter\CodeIgniter->handleRequest(NULL, Object(Config\Cache), false)
#3 C:\xampp\htdocs\sertifikat\public\index.php(37): CodeIgniter\CodeIgniter->run()
#4 C:\xampp\htdocs\sertifikat\system\Commands\Server\rewrite.php(43): require_once('C:\\xampp\\htdocs...')
#5 {main}
CRITICAL - 2023-11-08 02:17:19 --> Call to a member function getPeserta() on null
#0 C:\xampp\htdocs\sertifikat\system\CodeIgniter.php(832): App\Controllers\Peserta->index()
#1 C:\xampp\htdocs\sertifikat\system\CodeIgniter.php(419): CodeIgniter\CodeIgniter->runController(Object(App\Controllers\Peserta))
#2 C:\xampp\htdocs\sertifikat\system\CodeIgniter.php(326): CodeIgniter\CodeIgniter->handleRequest(NULL, Object(Config\Cache), false)
#3 C:\xampp\htdocs\sertifikat\public\index.php(37): CodeIgniter\CodeIgniter->run()
#4 C:\xampp\htdocs\sertifikat\system\Commands\Server\rewrite.php(43): require_once('C:\\xampp\\htdocs...')
#5 {main}
CRITICAL - 2023-11-08 02:17:19 --> Call to a member function getPeserta() on null
#0 C:\xampp\htdocs\sertifikat\system\CodeIgniter.php(832): App\Controllers\Peserta->index()
#1 C:\xampp\htdocs\sertifikat\system\CodeIgniter.php(419): CodeIgniter\CodeIgniter->runController(Object(App\Controllers\Peserta))
#2 C:\xampp\htdocs\sertifikat\system\CodeIgniter.php(326): CodeIgniter\CodeIgniter->handleRequest(NULL, Object(Config\Cache), false)
#3 C:\xampp\htdocs\sertifikat\public\index.php(37): CodeIgniter\CodeIgniter->run()
#4 C:\xampp\htdocs\sertifikat\system\Commands\Server\rewrite.php(43): require_once('C:\\xampp\\htdocs...')
#5 {main}
CRITICAL - 2023-11-08 02:17:20 --> Call to a member function getPeserta() on null
#0 C:\xampp\htdocs\sertifikat\system\CodeIgniter.php(832): App\Controllers\Peserta->index()
#1 C:\xampp\htdocs\sertifikat\system\CodeIgniter.php(419): CodeIgniter\CodeIgniter->runController(Object(App\Controllers\Peserta))
#2 C:\xampp\htdocs\sertifikat\system\CodeIgniter.php(326): CodeIgniter\CodeIgniter->handleRequest(NULL, Object(Config\Cache), false)
#3 C:\xampp\htdocs\sertifikat\public\index.php(37): CodeIgniter\CodeIgniter->run()
#4 C:\xampp\htdocs\sertifikat\system\Commands\Server\rewrite.php(43): require_once('C:\\xampp\\htdocs...')
#5 {main}
CRITICAL - 2023-11-08 02:17:20 --> Call to a member function getPeserta() on null
#0 C:\xampp\htdocs\sertifikat\system\CodeIgniter.php(832): App\Controllers\Peserta->index()
#1 C:\xampp\htdocs\sertifikat\system\CodeIgniter.php(419): CodeIgniter\CodeIgniter->runController(Object(App\Controllers\Peserta))
#2 C:\xampp\htdocs\sertifikat\system\CodeIgniter.php(326): CodeIgniter\CodeIgniter->handleRequest(NULL, Object(Config\Cache), false)
#3 C:\xampp\htdocs\sertifikat\public\index.php(37): CodeIgniter\CodeIgniter->run()
#4 C:\xampp\htdocs\sertifikat\system\Commands\Server\rewrite.php(43): require_once('C:\\xampp\\htdocs...')
#5 {main}
