CRITICAL - 2023-10-17 12:52:51 --> Call to a member function userdata() on null
in APPPATH\Views\beranda.php on line 2.
 1 SYSTEMPATH\View\View.php(226): include()
 2 SYSTEMPATH\View\View.php(229): CodeIgniter\View\View->CodeIgniter\View\{closure}()
 3 SYSTEMPATH\Common.php(1188): CodeIgniter\View\View->render('beranda', [], true)
 4 APPPATH\Controllers\Home.php(12): view('beranda')
 5 SYSTEMPATH\CodeIgniter.php(919): App\Controllers\Home->index()
 6 SYSTEMPATH\CodeIgniter.php(494): CodeIgniter\CodeIgniter->runController(Object(App\Controllers\Home))
 7 SYSTEMPATH\CodeIgniter.php(353): CodeIgniter\CodeIgniter->handleRequest(null, Object(Config\Cache), false)
 8 FCPATH\index.php(79): CodeIgniter\CodeIgniter->run()
 9 SYSTEMPATH\Commands\Server\rewrite.php(47): require_once('C:\\xampp\\htdocs\\sertifikat\\public\\index.php')
CRITICAL - 2023-10-17 12:53:40 --> Undefined property: CodeIgniter\View\View::$session
in APPPATH\Views\beranda.php on line 2.
 1 APPPATH\Views\beranda.php(2): CodeIgniter\Debug\Exceptions->errorHandler(8, 'Undefined property: CodeIgniter\\View\\View::$session', 'C:\\xampp\\htdocs\\sertifikat\\app\\Views\\beranda.php', 2, [])
 2 SYSTEMPATH\View\View.php(226): include('C:\\xampp\\htdocs\\sertifikat\\app\\Views\\beranda.php')
 3 SYSTEMPATH\View\View.php(229): CodeIgniter\View\View->CodeIgniter\View\{closure}()
 4 SYSTEMPATH\Common.php(1188): CodeIgniter\View\View->render('beranda', [], true)
 5 APPPATH\Controllers\Home.php(12): view('beranda')
 6 SYSTEMPATH\CodeIgniter.php(919): App\Controllers\Home->index()
 7 SYSTEMPATH\CodeIgniter.php(494): CodeIgniter\CodeIgniter->runController(Object(App\Controllers\Home))
 8 SYSTEMPATH\CodeIgniter.php(353): CodeIgniter\CodeIgniter->handleRequest(null, Object(Config\Cache), false)
 9 FCPATH\index.php(79): CodeIgniter\CodeIgniter->run()
10 SYSTEMPATH\Commands\Server\rewrite.php(47): require_once('C:\\xampp\\htdocs\\sertifikat\\public\\index.php')
CRITICAL - 2023-10-17 19:53:59 --> Undefined variable: sess_peg
in APPPATH\Views\beranda.php on line 273.
 1 APPPATH\Views\beranda.php(273): CodeIgniter\Debug\Exceptions->errorHandler(8, 'Undefined variable: sess_peg', 'C:\\xampp\\htdocs\\sertifikat\\app\\Views\\beranda.php', 273, [...])
 2 SYSTEMPATH\View\View.php(226): include('C:\\xampp\\htdocs\\sertifikat\\app\\Views\\beranda.php')
 3 SYSTEMPATH\View\View.php(229): CodeIgniter\View\View->CodeIgniter\View\{closure}()
 4 SYSTEMPATH\Common.php(1188): CodeIgniter\View\View->render('beranda', [], true)
 5 APPPATH\Controllers\Home.php(12): view('beranda')
 6 SYSTEMPATH\CodeIgniter.php(919): App\Controllers\Home->index()
 7 SYSTEMPATH\CodeIgniter.php(494): CodeIgniter\CodeIgniter->runController(Object(App\Controllers\Home))
 8 SYSTEMPATH\CodeIgniter.php(353): CodeIgniter\CodeIgniter->handleRequest(null, Object(Config\Cache), false)
 9 FCPATH\index.php(79): CodeIgniter\CodeIgniter->run()
10 SYSTEMPATH\Commands\Server\rewrite.php(47): require_once('C:\\xampp\\htdocs\\sertifikat\\public\\index.php')
CRITICAL - 2023-10-17 19:54:18 --> Undefined variable: sess_peg
in APPPATH\Views\beranda.php on line 272.
 1 APPPATH\Views\beranda.php(272): CodeIgniter\Debug\Exceptions->errorHandler(8, 'Undefined variable: sess_peg', 'C:\\xampp\\htdocs\\sertifikat\\app\\Views\\beranda.php', 272, [...])
 2 SYSTEMPATH\View\View.php(226): include('C:\\xampp\\htdocs\\sertifikat\\app\\Views\\beranda.php')
 3 SYSTEMPATH\View\View.php(229): CodeIgniter\View\View->CodeIgniter\View\{closure}()
 4 SYSTEMPATH\Common.php(1188): CodeIgniter\View\View->render('beranda', [], true)
 5 APPPATH\Controllers\Home.php(12): view('beranda')
 6 SYSTEMPATH\CodeIgniter.php(919): App\Controllers\Home->index()
 7 SYSTEMPATH\CodeIgniter.php(494): CodeIgniter\CodeIgniter->runController(Object(App\Controllers\Home))
 8 SYSTEMPATH\CodeIgniter.php(353): CodeIgniter\CodeIgniter->handleRequest(null, Object(Config\Cache), false)
 9 FCPATH\index.php(79): CodeIgniter\CodeIgniter->run()
10 SYSTEMPATH\Commands\Server\rewrite.php(47): require_once('C:\\xampp\\htdocs\\sertifikat\\public\\index.php')
CRITICAL - 2023-10-17 19:54:23 --> Undefined variable: sess_peg
in APPPATH\Views\beranda.php on line 272.
 1 APPPATH\Views\beranda.php(272): CodeIgniter\Debug\Exceptions->errorHandler(8, 'Undefined variable: sess_peg', 'C:\\xampp\\htdocs\\sertifikat\\app\\Views\\beranda.php', 272, [...])
 2 SYSTEMPATH\View\View.php(226): include('C:\\xampp\\htdocs\\sertifikat\\app\\Views\\beranda.php')
 3 SYSTEMPATH\View\View.php(229): CodeIgniter\View\View->CodeIgniter\View\{closure}()
 4 SYSTEMPATH\Common.php(1188): CodeIgniter\View\View->render('beranda', [], true)
 5 APPPATH\Controllers\Home.php(12): view('beranda')
 6 SYSTEMPATH\CodeIgniter.php(919): App\Controllers\Home->index()
 7 SYSTEMPATH\CodeIgniter.php(494): CodeIgniter\CodeIgniter->runController(Object(App\Controllers\Home))
 8 SYSTEMPATH\CodeIgniter.php(353): CodeIgniter\CodeIgniter->handleRequest(null, Object(Config\Cache), false)
 9 FCPATH\index.php(79): CodeIgniter\CodeIgniter->run()
10 SYSTEMPATH\Commands\Server\rewrite.php(47): require_once('C:\\xampp\\htdocs\\sertifikat\\public\\index.php')
CRITICAL - 2023-10-17 12:54:53 --> Undefined property: CodeIgniter\View\View::$session
in APPPATH\Views\beranda.php on line 91.
 1 APPPATH\Views\beranda.php(91): CodeIgniter\Debug\Exceptions->errorHandler(8, 'Undefined property: CodeIgniter\\View\\View::$session', 'C:\\xampp\\htdocs\\sertifikat\\app\\Views\\beranda.php', 91, [])
 2 SYSTEMPATH\View\View.php(226): include('C:\\xampp\\htdocs\\sertifikat\\app\\Views\\beranda.php')
 3 SYSTEMPATH\View\View.php(229): CodeIgniter\View\View->CodeIgniter\View\{closure}()
 4 SYSTEMPATH\Common.php(1188): CodeIgniter\View\View->render('beranda', [], true)
 5 APPPATH\Controllers\Home.php(12): view('beranda')
 6 SYSTEMPATH\CodeIgniter.php(919): App\Controllers\Home->index()
 7 SYSTEMPATH\CodeIgniter.php(494): CodeIgniter\CodeIgniter->runController(Object(App\Controllers\Home))
 8 SYSTEMPATH\CodeIgniter.php(353): CodeIgniter\CodeIgniter->handleRequest(null, Object(Config\Cache), false)
 9 FCPATH\index.php(79): CodeIgniter\CodeIgniter->run()
10 SYSTEMPATH\Commands\Server\rewrite.php(47): require_once('C:\\xampp\\htdocs\\sertifikat\\public\\index.php')
CRITICAL - 2023-10-17 12:55:14 --> Undefined property: CodeIgniter\View\View::$session
in APPPATH\Views\beranda.php on line 91.
 1 APPPATH\Views\beranda.php(91): CodeIgniter\Debug\Exceptions->errorHandler(8, 'Undefined property: CodeIgniter\\View\\View::$session', 'C:\\xampp\\htdocs\\sertifikat\\app\\Views\\beranda.php', 91, [])
 2 SYSTEMPATH\View\View.php(226): include('C:\\xampp\\htdocs\\sertifikat\\app\\Views\\beranda.php')
 3 SYSTEMPATH\View\View.php(229): CodeIgniter\View\View->CodeIgniter\View\{closure}()
 4 SYSTEMPATH\Common.php(1188): CodeIgniter\View\View->render('beranda', [], true)
 5 APPPATH\Controllers\Home.php(12): view('beranda')
 6 SYSTEMPATH\CodeIgniter.php(919): App\Controllers\Home->index()
 7 SYSTEMPATH\CodeIgniter.php(494): CodeIgniter\CodeIgniter->runController(Object(App\Controllers\Home))
 8 SYSTEMPATH\CodeIgniter.php(353): CodeIgniter\CodeIgniter->handleRequest(null, Object(Config\Cache), false)
 9 FCPATH\index.php(79): CodeIgniter\CodeIgniter->run()
10 SYSTEMPATH\Commands\Server\rewrite.php(47): require_once('C:\\xampp\\htdocs\\sertifikat\\public\\index.php')
CRITICAL - 2023-10-17 12:56:28 --> Undefined property: CodeIgniter\View\View::$session
in APPPATH\Views\beranda.php on line 91.
 1 APPPATH\Views\beranda.php(91): CodeIgniter\Debug\Exceptions->errorHandler(8, 'Undefined property: CodeIgniter\\View\\View::$session', 'C:\\xampp\\htdocs\\sertifikat\\app\\Views\\beranda.php', 91, [])
 2 SYSTEMPATH\View\View.php(226): include('C:\\xampp\\htdocs\\sertifikat\\app\\Views\\beranda.php')
 3 SYSTEMPATH\View\View.php(229): CodeIgniter\View\View->CodeIgniter\View\{closure}()
 4 SYSTEMPATH\Common.php(1188): CodeIgniter\View\View->render('beranda', [], true)
 5 APPPATH\Controllers\Home.php(12): view('beranda')
 6 SYSTEMPATH\CodeIgniter.php(919): App\Controllers\Home->index()
 7 SYSTEMPATH\CodeIgniter.php(494): CodeIgniter\CodeIgniter->runController(Object(App\Controllers\Home))
 8 SYSTEMPATH\CodeIgniter.php(353): CodeIgniter\CodeIgniter->handleRequest(null, Object(Config\Cache), false)
 9 FCPATH\index.php(79): CodeIgniter\CodeIgniter->run()
10 SYSTEMPATH\Commands\Server\rewrite.php(47): require_once('C:\\xampp\\htdocs\\sertifikat\\public\\index.php')
CRITICAL - 2023-10-17 12:56:41 --> Undefined property: CodeIgniter\View\View::$session
in APPPATH\Views\beranda.php on line 91.
 1 APPPATH\Views\beranda.php(91): CodeIgniter\Debug\Exceptions->errorHandler(8, 'Undefined property: CodeIgniter\\View\\View::$session', 'C:\\xampp\\htdocs\\sertifikat\\app\\Views\\beranda.php', 91, [])
 2 SYSTEMPATH\View\View.php(226): include('C:\\xampp\\htdocs\\sertifikat\\app\\Views\\beranda.php')
 3 SYSTEMPATH\View\View.php(229): CodeIgniter\View\View->CodeIgniter\View\{closure}()
 4 SYSTEMPATH\Common.php(1188): CodeIgniter\View\View->render('beranda', [], true)
 5 APPPATH\Controllers\Home.php(12): view('beranda')
 6 SYSTEMPATH\CodeIgniter.php(919): App\Controllers\Home->index()
 7 SYSTEMPATH\CodeIgniter.php(494): CodeIgniter\CodeIgniter->runController(Object(App\Controllers\Home))
 8 SYSTEMPATH\CodeIgniter.php(353): CodeIgniter\CodeIgniter->handleRequest(null, Object(Config\Cache), false)
 9 FCPATH\index.php(79): CodeIgniter\CodeIgniter->run()
10 SYSTEMPATH\Commands\Server\rewrite.php(47): require_once('C:\\xampp\\htdocs\\sertifikat\\public\\index.php')
CRITICAL - 2023-10-17 13:36:31 --> Invalid file: "template.php"
in SYSTEMPATH\Exceptions\FrameworkException.php on line 39.
 1 SYSTEMPATH\View\View.php(214): CodeIgniter\Exceptions\FrameworkException::forInvalidFile('template.php')
 2 SYSTEMPATH\Common.php(1188): CodeIgniter\View\View->render('template', [], true)
 3 APPPATH\Controllers\Home.php(12): view('template')
 4 SYSTEMPATH\CodeIgniter.php(919): App\Controllers\Home->index()
 5 SYSTEMPATH\CodeIgniter.php(494): CodeIgniter\CodeIgniter->runController(Object(App\Controllers\Home))
 6 SYSTEMPATH\CodeIgniter.php(353): CodeIgniter\CodeIgniter->handleRequest(null, Object(Config\Cache), false)
 7 FCPATH\index.php(79): CodeIgniter\CodeIgniter->run()
 8 SYSTEMPATH\Commands\Server\rewrite.php(47): require_once('C:\\xampp\\htdocs\\sertifikat\\public\\index.php')
CRITICAL - 2023-10-17 13:36:42 --> Invalid file: "template.php"
in SYSTEMPATH\Exceptions\FrameworkException.php on line 39.
 1 SYSTEMPATH\View\View.php(214): CodeIgniter\Exceptions\FrameworkException::forInvalidFile('template.php')
 2 SYSTEMPATH\Common.php(1188): CodeIgniter\View\View->render('template', [], true)
 3 APPPATH\Controllers\Home.php(12): view('template')
 4 SYSTEMPATH\CodeIgniter.php(919): App\Controllers\Home->index()
 5 SYSTEMPATH\CodeIgniter.php(494): CodeIgniter\CodeIgniter->runController(Object(App\Controllers\Home))
 6 SYSTEMPATH\CodeIgniter.php(353): CodeIgniter\CodeIgniter->handleRequest(null, Object(Config\Cache), false)
 7 FCPATH\index.php(79): CodeIgniter\CodeIgniter->run()
 8 SYSTEMPATH\Commands\Server\rewrite.php(47): require_once('C:\\xampp\\htdocs\\sertifikat\\public\\index.php')
CRITICAL - 2023-10-17 13:36:44 --> Invalid file: "layout/topbar.php"
in SYSTEMPATH\Exceptions\FrameworkException.php on line 39.
 1 SYSTEMPATH\View\View.php(214): CodeIgniter\Exceptions\FrameworkException::forInvalidFile('layout/topbar.php')
 2 SYSTEMPATH\View\View.php(467): CodeIgniter\View\View->render('layout/topbar', null, true)
 3 APPPATH\Views\layout\template.php(603): CodeIgniter\View\View->include('layout/topbar')
 4 SYSTEMPATH\View\View.php(226): include('C:\\xampp\\htdocs\\sertifikat\\app\\Views\\layout\\template.php')
 5 SYSTEMPATH\View\View.php(229): CodeIgniter\View\View->CodeIgniter\View\{closure}()
 6 SYSTEMPATH\Common.php(1188): CodeIgniter\View\View->render('layout/template', [], true)
 7 APPPATH\Controllers\Home.php(12): view('layout/template')
 8 SYSTEMPATH\CodeIgniter.php(919): App\Controllers\Home->index()
 9 SYSTEMPATH\CodeIgniter.php(494): CodeIgniter\CodeIgniter->runController(Object(App\Controllers\Home))
10 SYSTEMPATH\CodeIgniter.php(353): CodeIgniter\CodeIgniter->handleRequest(null, Object(Config\Cache), false)
11 FCPATH\index.php(79): CodeIgniter\CodeIgniter->run()
12 SYSTEMPATH\Commands\Server\rewrite.php(47): require_once('C:\\xampp\\htdocs\\sertifikat\\public\\index.php')
CRITICAL - 2023-10-17 13:37:03 --> Invalid file: "layout/topbar.php"
in SYSTEMPATH\Exceptions\FrameworkException.php on line 39.
 1 SYSTEMPATH\View\View.php(214): CodeIgniter\Exceptions\FrameworkException::forInvalidFile('layout/topbar.php')
 2 SYSTEMPATH\View\View.php(467): CodeIgniter\View\View->render('layout/topbar', null, true)
 3 APPPATH\Views\layout\template.php(603): CodeIgniter\View\View->include('layout/topbar')
 4 SYSTEMPATH\View\View.php(226): include('C:\\xampp\\htdocs\\sertifikat\\app\\Views\\layout\\template.php')
 5 SYSTEMPATH\View\View.php(229): CodeIgniter\View\View->CodeIgniter\View\{closure}()
 6 SYSTEMPATH\Common.php(1188): CodeIgniter\View\View->render('layout/template', [], true)
 7 APPPATH\Controllers\Home.php(12): view('layout/template')
 8 SYSTEMPATH\CodeIgniter.php(919): App\Controllers\Home->index()
 9 SYSTEMPATH\CodeIgniter.php(494): CodeIgniter\CodeIgniter->runController(Object(App\Controllers\Home))
10 SYSTEMPATH\CodeIgniter.php(353): CodeIgniter\CodeIgniter->handleRequest(null, Object(Config\Cache), false)
11 FCPATH\index.php(79): CodeIgniter\CodeIgniter->run()
12 SYSTEMPATH\Commands\Server\rewrite.php(47): require_once('C:\\xampp\\htdocs\\sertifikat\\public\\index.php')
CRITICAL - 2023-10-17 13:49:07 --> Allowed memory size of 536870912 bytes exhausted (tried to allocate 102400 bytes)
in SYSTEMPATH\View\View.php on line 453.
 1 [internal function]: CodeIgniter\Debug\Exceptions->shutdownHandler()
CRITICAL - 2023-10-17 13:49:10 --> Allowed memory size of 536870912 bytes exhausted (tried to allocate 102400 bytes)
in SYSTEMPATH\View\View.php on line 453.
 1 [internal function]: CodeIgniter\Debug\Exceptions->shutdownHandler()
CRITICAL - 2023-10-17 13:50:40 --> Allowed memory size of 536870912 bytes exhausted (tried to allocate 69632 bytes)
in SYSTEMPATH\View\View.php on line 453.
 1 [internal function]: CodeIgniter\Debug\Exceptions->shutdownHandler()
CRITICAL - 2023-10-17 14:04:04 --> Undefined variable: level_sesion
in APPPATH\Views\acara\index.php on line 20.
 1 APPPATH\Views\acara\index.php(20): CodeIgniter\Debug\Exceptions->errorHandler(8, 'Undefined variable: level_sesion', 'C:\\xampp\\htdocs\\sertifikat\\app\\Views\\acara\\index.php', 20, [])
 2 SYSTEMPATH\View\View.php(226): include('C:\\xampp\\htdocs\\sertifikat\\app\\Views\\acara\\index.php')
 3 SYSTEMPATH\View\View.php(229): CodeIgniter\View\View->CodeIgniter\View\{closure}()
 4 SYSTEMPATH\Common.php(1188): CodeIgniter\View\View->render('acara/index', [], true)
 5 APPPATH\Controllers\Acara.php(12): view('acara/index')
 6 SYSTEMPATH\CodeIgniter.php(919): App\Controllers\Acara->index()
 7 SYSTEMPATH\CodeIgniter.php(494): CodeIgniter\CodeIgniter->runController(Object(App\Controllers\Acara))
 8 SYSTEMPATH\CodeIgniter.php(353): CodeIgniter\CodeIgniter->handleRequest(null, Object(Config\Cache), false)
 9 FCPATH\index.php(79): CodeIgniter\CodeIgniter->run()
10 SYSTEMPATH\Commands\Server\rewrite.php(47): require_once('C:\\xampp\\htdocs\\sertifikat\\public\\index.php')
CRITICAL - 2023-10-17 14:04:30 --> Undefined property: CodeIgniter\View\View::$session
in APPPATH\Views\acara\index.php on line 29.
 1 APPPATH\Views\acara\index.php(29): CodeIgniter\Debug\Exceptions->errorHandler(8, 'Undefined property: CodeIgniter\\View\\View::$session', 'C:\\xampp\\htdocs\\sertifikat\\app\\Views\\acara\\index.php', 29, [])
 2 SYSTEMPATH\View\View.php(226): include('C:\\xampp\\htdocs\\sertifikat\\app\\Views\\acara\\index.php')
 3 SYSTEMPATH\View\View.php(229): CodeIgniter\View\View->CodeIgniter\View\{closure}()
 4 SYSTEMPATH\Common.php(1188): CodeIgniter\View\View->render('acara/index', [], true)
 5 APPPATH\Controllers\Acara.php(12): view('acara/index')
 6 SYSTEMPATH\CodeIgniter.php(919): App\Controllers\Acara->index()
 7 SYSTEMPATH\CodeIgniter.php(494): CodeIgniter\CodeIgniter->runController(Object(App\Controllers\Acara))
 8 SYSTEMPATH\CodeIgniter.php(353): CodeIgniter\CodeIgniter->handleRequest(null, Object(Config\Cache), false)
 9 FCPATH\index.php(79): CodeIgniter\CodeIgniter->run()
10 SYSTEMPATH\Commands\Server\rewrite.php(47): require_once('C:\\xampp\\htdocs\\sertifikat\\public\\index.php')
CRITICAL - 2023-10-17 14:04:37 --> Undefined property: CodeIgniter\View\View::$session
in APPPATH\Views\acara\index.php on line 29.
 1 APPPATH\Views\acara\index.php(29): CodeIgniter\Debug\Exceptions->errorHandler(8, 'Undefined property: CodeIgniter\\View\\View::$session', 'C:\\xampp\\htdocs\\sertifikat\\app\\Views\\acara\\index.php', 29, [])
 2 SYSTEMPATH\View\View.php(226): include('C:\\xampp\\htdocs\\sertifikat\\app\\Views\\acara\\index.php')
 3 SYSTEMPATH\View\View.php(229): CodeIgniter\View\View->CodeIgniter\View\{closure}()
 4 SYSTEMPATH\Common.php(1188): CodeIgniter\View\View->render('acara/index', [], true)
 5 APPPATH\Controllers\Acara.php(12): view('acara/index')
 6 SYSTEMPATH\CodeIgniter.php(919): App\Controllers\Acara->index()
 7 SYSTEMPATH\CodeIgniter.php(494): CodeIgniter\CodeIgniter->runController(Object(App\Controllers\Acara))
 8 SYSTEMPATH\CodeIgniter.php(353): CodeIgniter\CodeIgniter->handleRequest(null, Object(Config\Cache), false)
 9 FCPATH\index.php(79): CodeIgniter\CodeIgniter->run()
10 SYSTEMPATH\Commands\Server\rewrite.php(47): require_once('C:\\xampp\\htdocs\\sertifikat\\public\\index.php')
CRITICAL - 2023-10-17 14:04:38 --> Undefined variable: num
in APPPATH\Views\acara\index.php on line 49.
 1 APPPATH\Views\acara\index.php(49): CodeIgniter\Debug\Exceptions->errorHandler(8, 'Undefined variable: num', 'C:\\xampp\\htdocs\\sertifikat\\app\\Views\\acara\\index.php', 49, [])
 2 SYSTEMPATH\View\View.php(226): include('C:\\xampp\\htdocs\\sertifikat\\app\\Views\\acara\\index.php')
 3 SYSTEMPATH\View\View.php(229): CodeIgniter\View\View->CodeIgniter\View\{closure}()
 4 SYSTEMPATH\Common.php(1188): CodeIgniter\View\View->render('acara/index', [], true)
 5 APPPATH\Controllers\Acara.php(12): view('acara/index')
 6 SYSTEMPATH\CodeIgniter.php(919): App\Controllers\Acara->index()
 7 SYSTEMPATH\CodeIgniter.php(494): CodeIgniter\CodeIgniter->runController(Object(App\Controllers\Acara))
 8 SYSTEMPATH\CodeIgniter.php(353): CodeIgniter\CodeIgniter->handleRequest(null, Object(Config\Cache), false)
 9 FCPATH\index.php(79): CodeIgniter\CodeIgniter->run()
10 SYSTEMPATH\Commands\Server\rewrite.php(47): require_once('C:\\xampp\\htdocs\\sertifikat\\public\\index.php')
CRITICAL - 2023-10-17 14:04:55 --> Undefined variable: num
in APPPATH\Views\acara\index.php on line 49.
 1 APPPATH\Views\acara\index.php(49): CodeIgniter\Debug\Exceptions->errorHandler(8, 'Undefined variable: num', 'C:\\xampp\\htdocs\\sertifikat\\app\\Views\\acara\\index.php', 49, [])
 2 SYSTEMPATH\View\View.php(226): include('C:\\xampp\\htdocs\\sertifikat\\app\\Views\\acara\\index.php')
 3 SYSTEMPATH\View\View.php(229): CodeIgniter\View\View->CodeIgniter\View\{closure}()
 4 SYSTEMPATH\Common.php(1188): CodeIgniter\View\View->render('acara/index', [], true)
 5 APPPATH\Controllers\Acara.php(12): view('acara/index')
 6 SYSTEMPATH\CodeIgniter.php(919): App\Controllers\Acara->index()
 7 SYSTEMPATH\CodeIgniter.php(494): CodeIgniter\CodeIgniter->runController(Object(App\Controllers\Acara))
 8 SYSTEMPATH\CodeIgniter.php(353): CodeIgniter\CodeIgniter->handleRequest(null, Object(Config\Cache), false)
 9 FCPATH\index.php(79): CodeIgniter\CodeIgniter->run()
10 SYSTEMPATH\Commands\Server\rewrite.php(47): require_once('C:\\xampp\\htdocs\\sertifikat\\public\\index.php')
CRITICAL - 2023-10-17 14:04:58 --> syntax error, unexpected 'foreach' (T_FOREACH)
in APPPATH\Views\acara\index.php on line 50.
 1 SYSTEMPATH\View\View.php(229): CodeIgniter\View\View->CodeIgniter\View\{closure}()
 2 SYSTEMPATH\Common.php(1188): CodeIgniter\View\View->render('acara/index', [], true)
 3 APPPATH\Controllers\Acara.php(12): view('acara/index')
 4 SYSTEMPATH\CodeIgniter.php(919): App\Controllers\Acara->index()
 5 SYSTEMPATH\CodeIgniter.php(494): CodeIgniter\CodeIgniter->runController(Object(App\Controllers\Acara))
 6 SYSTEMPATH\CodeIgniter.php(353): CodeIgniter\CodeIgniter->handleRequest(null, Object(Config\Cache), false)
 7 FCPATH\index.php(79): CodeIgniter\CodeIgniter->run()
 8 SYSTEMPATH\Commands\Server\rewrite.php(47): require_once('C:\\xampp\\htdocs\\sertifikat\\public\\index.php')
CRITICAL - 2023-10-17 14:06:30 --> Undefined property: CodeIgniter\View\View::$pagination
in APPPATH\Views\acara\index.php on line 49.
 1 APPPATH\Views\acara\index.php(49): CodeIgniter\Debug\Exceptions->errorHandler(8, 'Undefined property: CodeIgniter\\View\\View::$pagination', 'C:\\xampp\\htdocs\\sertifikat\\app\\Views\\acara\\index.php', 49, [])
 2 SYSTEMPATH\View\View.php(226): include('C:\\xampp\\htdocs\\sertifikat\\app\\Views\\acara\\index.php')
 3 SYSTEMPATH\View\View.php(229): CodeIgniter\View\View->CodeIgniter\View\{closure}()
 4 SYSTEMPATH\Common.php(1188): CodeIgniter\View\View->render('acara/index', [], true)
 5 APPPATH\Controllers\Acara.php(12): view('acara/index')
 6 SYSTEMPATH\CodeIgniter.php(919): App\Controllers\Acara->index()
 7 SYSTEMPATH\CodeIgniter.php(494): CodeIgniter\CodeIgniter->runController(Object(App\Controllers\Acara))
 8 SYSTEMPATH\CodeIgniter.php(353): CodeIgniter\CodeIgniter->handleRequest(null, Object(Config\Cache), false)
 9 FCPATH\index.php(79): CodeIgniter\CodeIgniter->run()
10 SYSTEMPATH\Commands\Server\rewrite.php(47): require_once('C:\\xampp\\htdocs\\sertifikat\\public\\index.php')
CRITICAL - 2023-10-17 14:06:35 --> Undefined property: CodeIgniter\View\View::$pagination
in APPPATH\Views\acara\index.php on line 49.
 1 APPPATH\Views\acara\index.php(49): CodeIgniter\Debug\Exceptions->errorHandler(8, 'Undefined property: CodeIgniter\\View\\View::$pagination', 'C:\\xampp\\htdocs\\sertifikat\\app\\Views\\acara\\index.php', 49, [])
 2 SYSTEMPATH\View\View.php(226): include('C:\\xampp\\htdocs\\sertifikat\\app\\Views\\acara\\index.php')
 3 SYSTEMPATH\View\View.php(229): CodeIgniter\View\View->CodeIgniter\View\{closure}()
 4 SYSTEMPATH\Common.php(1188): CodeIgniter\View\View->render('acara/index', [], true)
 5 APPPATH\Controllers\Acara.php(12): view('acara/index')
 6 SYSTEMPATH\CodeIgniter.php(919): App\Controllers\Acara->index()
 7 SYSTEMPATH\CodeIgniter.php(494): CodeIgniter\CodeIgniter->runController(Object(App\Controllers\Acara))
 8 SYSTEMPATH\CodeIgniter.php(353): CodeIgniter\CodeIgniter->handleRequest(null, Object(Config\Cache), false)
 9 FCPATH\index.php(79): CodeIgniter\CodeIgniter->run()
10 SYSTEMPATH\Commands\Server\rewrite.php(47): require_once('C:\\xampp\\htdocs\\sertifikat\\public\\index.php')
CRITICAL - 2023-10-17 14:14:24 --> Undefined variable: hari
in APPPATH\Views\layout\header.php on line 27.
 1 APPPATH\Views\layout\header.php(27): CodeIgniter\Debug\Exceptions->errorHandler(8, 'Undefined variable: hari', 'C:\\xampp\\htdocs\\sertifikat\\app\\Views\\layout\\header.php', 27, [])
 2 SYSTEMPATH\View\View.php(226): include('C:\\xampp\\htdocs\\sertifikat\\app\\Views\\layout\\header.php')
 3 SYSTEMPATH\View\View.php(229): CodeIgniter\View\View->CodeIgniter\View\{closure}()
 4 SYSTEMPATH\View\View.php(467): CodeIgniter\View\View->render('layout/header', null, true)
 5 APPPATH\Views\layout\template.php(36): CodeIgniter\View\View->include('layout/header')
 6 SYSTEMPATH\View\View.php(226): include('C:\\xampp\\htdocs\\sertifikat\\app\\Views\\layout\\template.php')
 7 SYSTEMPATH\View\View.php(229): CodeIgniter\View\View->CodeIgniter\View\{closure}()
 8 SYSTEMPATH\View\View.php(242): CodeIgniter\View\View->render('layout/template', [], true)
 9 SYSTEMPATH\Common.php(1188): CodeIgniter\View\View->render('acara/index', [], true)
10 APPPATH\Controllers\Acara.php(12): view('acara/index')
11 SYSTEMPATH\CodeIgniter.php(919): App\Controllers\Acara->index()
12 SYSTEMPATH\CodeIgniter.php(494): CodeIgniter\CodeIgniter->runController(Object(App\Controllers\Acara))
13 SYSTEMPATH\CodeIgniter.php(353): CodeIgniter\CodeIgniter->handleRequest(null, Object(Config\Cache), false)
14 FCPATH\index.php(79): CodeIgniter\CodeIgniter->run()
15 SYSTEMPATH\Commands\Server\rewrite.php(47): require_once('C:\\xampp\\htdocs\\sertifikat\\public\\index.php')
CRITICAL - 2023-10-17 14:14:25 --> Undefined variable: hari
in APPPATH\Views\layout\header.php on line 27.
 1 APPPATH\Views\layout\header.php(27): CodeIgniter\Debug\Exceptions->errorHandler(8, 'Undefined variable: hari', 'C:\\xampp\\htdocs\\sertifikat\\app\\Views\\layout\\header.php', 27, [])
 2 SYSTEMPATH\View\View.php(226): include('C:\\xampp\\htdocs\\sertifikat\\app\\Views\\layout\\header.php')
 3 SYSTEMPATH\View\View.php(229): CodeIgniter\View\View->CodeIgniter\View\{closure}()
 4 SYSTEMPATH\View\View.php(467): CodeIgniter\View\View->render('layout/header', null, true)
 5 APPPATH\Views\layout\template.php(36): CodeIgniter\View\View->include('layout/header')
 6 SYSTEMPATH\View\View.php(226): include('C:\\xampp\\htdocs\\sertifikat\\app\\Views\\layout\\template.php')
 7 SYSTEMPATH\View\View.php(229): CodeIgniter\View\View->CodeIgniter\View\{closure}()
 8 SYSTEMPATH\View\View.php(242): CodeIgniter\View\View->render('layout/template', [], true)
 9 SYSTEMPATH\Common.php(1188): CodeIgniter\View\View->render('acara/index', [], true)
10 APPPATH\Controllers\Acara.php(12): view('acara/index')
11 SYSTEMPATH\CodeIgniter.php(919): App\Controllers\Acara->index()
12 SYSTEMPATH\CodeIgniter.php(494): CodeIgniter\CodeIgniter->runController(Object(App\Controllers\Acara))
13 SYSTEMPATH\CodeIgniter.php(353): CodeIgniter\CodeIgniter->handleRequest(null, Object(Config\Cache), false)
14 FCPATH\index.php(79): CodeIgniter\CodeIgniter->run()
15 SYSTEMPATH\Commands\Server\rewrite.php(47): require_once('C:\\xampp\\htdocs\\sertifikat\\public\\index.php')
